#
# A fatal error has been detected by the Java Runtime Environment:
#
#  EXCEPTION_ACCESS_VIOLATION (0xc0000005) at pc=0x00000000629656a3, pid=25884, tid=41380
#
# JRE version: Java(TM) SE Runtime Environment (10.0.1+10) (build 10.0.1+10)
# Java VM: Java HotSpot(TM) 64-Bit Server VM (10.0.1+10, mixed mode, tiered, compressed oops, g1 gc, windows-amd64)
# Problematic frame:
# V  [jvm.dll+0x4856a3]
#
# No core dump will be written. Minidumps are not enabled by default on client versions of Windows
#
# If you would like to submit a bug report, please visit:
#   http://bugreport.java.com/bugreport/crash.jsp
#

---------------  S U M M A R Y ------------

Command Line: --add-modules=ALL-SYSTEM --add-opens=java.base/java.util=ALL-UNNAMED --add-opens=java.base/java.lang=ALL-UNNAMED -Declipse.application=org.eclipse.jdt.ls.core.id1 -Dosgi.bundles.defaultStartLevel=4 -Declipse.product=org.eclipse.jdt.ls.core.product -Xverify:none -Xmx1G -XX:+UseG1GC -XX:+UseStringDeduplication C:\Users\Ruslan Fazliev\.vscode\extensions\redhat.java-0.27.0\server\plugins\org.eclipse.equinox.launcher_1.5.0.v20180512-1130.jar -configuration C:\Users\Ruslan Fazliev\.vscode\extensions\redhat.java-0.27.0\server\config_win -data C:\Users\Ruslan Fazliev\AppData\Roaming\Code\User\workspaceStorage\fbfa228caeedf975632bc98f2b6c1a4b\redhat.java\jdt_ws

Host: Intel(R) Core(TM) i7-4710HQ CPU @ 2.50GHz, 8 cores, 7G,  Windows 10 , 64 bit Build 17134 (10.0.17134.1)
Time: Fri Jun 29 17:58:32 2018 Caiaaiay Aa?iia (eaoi) elapsed time: 6665 seconds (0d 1h 51m 5s)

---------------  T H R E A D  ---------------

Current thread (0x000001896bcd0800):  GCTaskThread "GC Thread#2" [stack: 0x0000000c4ba00000,0x0000000c4bb00000] [id=41380]

Stack: [0x0000000c4ba00000,0x0000000c4bb00000],  sp=0x0000000c4baff268,  free space=1020k
Native frames: (J=compiled Java code, j=interpreted, Vv=VM code, C=native code)
V  [jvm.dll+0x4856a3]


siginfo: EXCEPTION_ACCESS_VIOLATION (0xc0000005), reading address 0xffffffffffffffff


Register to memory mapping:

RIP=0x00000000629656a3 jvm.dll
RAX=0x00000189232a5328 is pointing into metadata
RBX=0x0000000000000000 is an unknown value
RCX=0xca55afd8ca55afd8 is an unknown value
RDX=0x0000000c4cdff258 is an unknown value
RSP=0x0000000c4baff268 is an unknown value
RBP=0x0000000c4cdff258 is an unknown value
RSI=0x0000000000000002 is an unknown value
RDI=0x000001896bccd900 is an unknown value
R8 =0x0000000c4cdff258 is an unknown value
R9 =0x0000000000000010 is an unknown value
R10=0x000001896bd318a0 is an unknown value
R11=0x0000000000000246 is an unknown value
R12=0x000001896bccd830 is an unknown value
R13=0x000001896bccdc08 is an unknown value
R14=0x0000000000000000 is an unknown value
R15=0x000001896bccd820 is an unknown value


Registers:
RAX=0x00000189232a5328, RBX=0x0000000000000000, RCX=0xca55afd8ca55afd8, RDX=0x0000000c4cdff258
RSP=0x0000000c4baff268, RBP=0x0000000c4cdff258, RSI=0x0000000000000002, RDI=0x000001896bccd900
R8 =0x0000000c4cdff258, R9 =0x0000000000000010, R10=0x000001896bd318a0, R11=0x0000000000000246
R12=0x000001896bccd830, R13=0x000001896bccdc08, R14=0x0000000000000000, R15=0x000001896bccd820
RIP=0x00000000629656a3, EFLAGS=0x0000000000010286

Top of Stack: (sp=0x0000000c4baff268)
0x0000000c4baff268:   0000000062a40299 000001896bcc9670
0x0000000c4baff278:   000001896bcc9670 00000000000003d8
0x0000000c4baff288:   0000000062a3fefc 0000000c4cdff258
0x0000000c4baff298:   0000000062a4041f 0000000c4cdff258
0x0000000c4baff2a8:   00000189232a5308 000001896bcc9670
0x0000000c4baff2b8:   000001896bccd900 000001896bccd900
0x0000000c4baff2c8:   0000000062a4015f 00000189232a5308
0x0000000c4baff2d8:   000001896bcc9670 00000189232a4fe8
0x0000000c4baff2e8:   000001896bcc9670 0000000062cdb5e8
0x0000000c4baff2f8:   0000000c4cdff258 000001896bccdc08
0x0000000c4baff308:   0000000000000000 00000000000003d8
0x0000000c4baff318:   0000000000000000 0000000c4cdff258
0x0000000c4baff328:   0000000062833186 00000000000003d8
0x0000000c4baff338:   0000000000000000 000000010053a050
0x0000000c4baff348:   000001896bccd830 0000000c4cdff1b0
0x0000000c4baff358:   00000000628331d0 000000010053a050 

Instructions: (pc=0x00000000629656a3)
0x0000000062965683:   74 0f 48 ff c1 48 83 c0 08 49 3b c9 7c ef 32 c0
0x0000000062965693:   c3 49 89 50 18 b0 01 c3 cc cc cc cc cc 4c 8b c2
0x00000000629656a3:   48 8b 51 68 48 85 d2 75 09 49 8b 00 49 8b c8 48
0x00000000629656b3:   ff 20 49 8b 00 48 8b 12 49 8b c8 48 ff 20 cc cc 



---------------  P R O C E S S  ---------------

Threads class SMR info:
_java_thread_list=0x0000018913761270, length=23, elements={
0x000001896bcb0000, 0x000001897c3a2800, 0x000001897c3b4800, 0x000001897c3fd800,
0x000001897c3fe000, 0x000001897cd0a800, 0x000001897cd0e800, 0x000001897cd2e800,
0x000001897cd6c000, 0x000001897cd62000, 0x000001897c33d800, 0x000001897d3c2800,
0x000001897e397800, 0x000001897d74f000, 0x000001897d529000, 0x000001897d9e1800,
0x000001897e9cd800, 0x000001897eb39800, 0x000001897ee8b800, 0x000001897edd1800,
0x000001891fe44000, 0x000001891fe45000, 0x000001891fe43000
}

Java Threads: ( => current thread )
  0x000001896bcb0000 JavaThread "main" [_thread_blocked, id=35740, stack(0x0000000c4b700000,0x0000000c4b800000)]
  0x000001897c3a2800 JavaThread "Reference Handler" daemon [_thread_blocked, id=34732, stack(0x0000000c4ce00000,0x0000000c4cf00000)]
  0x000001897c3b4800 JavaThread "Finalizer" daemon [_thread_blocked, id=30640, stack(0x0000000c4cf00000,0x0000000c4d000000)]
  0x000001897c3fd800 JavaThread "Signal Dispatcher" daemon [_thread_blocked, id=37768, stack(0x0000000c4d000000,0x0000000c4d100000)]
  0x000001897c3fe000 JavaThread "Attach Listener" daemon [_thread_blocked, id=33900, stack(0x0000000c4d100000,0x0000000c4d200000)]
  0x000001897cd0a800 JavaThread "C2 CompilerThread0" daemon [_thread_blocked, id=31724, stack(0x0000000c4d200000,0x0000000c4d300000)]
  0x000001897cd0e800 JavaThread "C2 CompilerThread1" daemon [_thread_blocked, id=11196, stack(0x0000000c4d300000,0x0000000c4d400000)]
  0x000001897cd2e800 JavaThread "C2 CompilerThread2" daemon [_thread_blocked, id=2584, stack(0x0000000c4d400000,0x0000000c4d500000)]
  0x000001897cd6c000 JavaThread "C1 CompilerThread3" daemon [_thread_blocked, id=28740, stack(0x0000000c4d500000,0x0000000c4d600000)]
  0x000001897cd62000 JavaThread "Sweeper thread" daemon [_thread_blocked, id=39564, stack(0x0000000c4d600000,0x0000000c4d700000)]
  0x000001897c33d800 JavaThread "Common-Cleaner" daemon [_thread_blocked, id=23308, stack(0x0000000c4d700000,0x0000000c4d800000)]
  0x000001897d3c2800 JavaThread "Service Thread" daemon [_thread_blocked, id=17836, stack(0x0000000c4d800000,0x0000000c4d900000)]
  0x000001897e397800 JavaThread "Active Thread: Equinox Container: 420cad21-5f53-421d-85a0-0e9ad668d7f5" [_thread_blocked, id=33864, stack(0x0000000c4da00000,0x0000000c4db00000)]
  0x000001897d74f000 JavaThread "Framework Event Dispatcher: Equinox Container: 420cad21-5f53-421d-85a0-0e9ad668d7f5" daemon [_thread_blocked, id=43156, stack(0x0000000c4db00000,0x0000000c4dc00000)]
  0x000001897d529000 JavaThread "Start Level: Equinox Container: 420cad21-5f53-421d-85a0-0e9ad668d7f5" daemon [_thread_blocked, id=30908, stack(0x0000000c4dc00000,0x0000000c4dd00000)]
  0x000001897d9e1800 JavaThread "Worker-JM" [_thread_blocked, id=13608, stack(0x0000000c4dd00000,0x0000000c4de00000)]
  0x000001897e9cd800 JavaThread "Worker-0" [_thread_blocked, id=41160, stack(0x0000000c4de00000,0x0000000c4df00000)]
  0x000001897eb39800 JavaThread "Java indexing" daemon [_thread_blocked, id=18568, stack(0x0000000c4df00000,0x0000000c4e000000)]
  0x000001897ee8b800 JavaThread "pool-2-thread-1" [_thread_blocked, id=27832, stack(0x0000000c4e100000,0x0000000c4e200000)]
  0x000001897edd1800 JavaThread "pool-1-thread-1" [_thread_in_native, id=29960, stack(0x0000000c4e200000,0x0000000c4e300000)]
  0x000001891fe44000 JavaThread "Bundle File Closer" daemon [_thread_blocked, id=39252, stack(0x0000000c4e800000,0x0000000c4e900000)]
  0x000001891fe45000 JavaThread "ForkJoinPool.commonPool-worker-6" daemon [_thread_blocked, id=41856, stack(0x0000000c4b500000,0x0000000c4b600000)]
  0x000001891fe43000 JavaThread "Worker-12" [_thread_blocked, id=13780, stack(0x0000000c4e000000,0x0000000c4e100000)]

Other Threads:
  0x000001897c39b800 VMThread "VM Thread" [stack: 0x0000000c4cd00000,0x0000000c4ce00000] [id=26504]
  0x000001897d356000 WatcherThread [stack: 0x0000000c4d900000,0x0000000c4da00000] [id=33148]
  0x000001896bccb800 GCTaskThread "GC Thread#0" [stack: 0x0000000c4b800000,0x0000000c4b900000] [id=13852]
  0x000001896bcce000 GCTaskThread "GC Thread#1" [stack: 0x0000000c4b900000,0x0000000c4ba00000] [id=8800]
=>0x000001896bcd0800 GCTaskThread "GC Thread#2" [stack: 0x0000000c4ba00000,0x0000000c4bb00000] [id=41380]
  0x000001896bcd3800 GCTaskThread "GC Thread#3" [stack: 0x0000000c4bb00000,0x0000000c4bc00000] [id=41480]
  0x000001896bcd6800 GCTaskThread "GC Thread#4" [stack: 0x0000000c4bc00000,0x0000000c4bd00000] [id=17908]
  0x000001896bcda800 GCTaskThread "GC Thread#5" [stack: 0x0000000c4bd00000,0x0000000c4be00000] [id=34324]
  0x000001896bcdc800 GCTaskThread "GC Thread#6" [stack: 0x0000000c4be00000,0x0000000c4bf00000] [id=26628]
  0x000001896bcde800 GCTaskThread "GC Thread#7" [stack: 0x0000000c4bf00000,0x0000000c4c000000] [id=6836]
  0x000001896bd18000 ConcurrentGCThread "G1 Main Marker" [stack: 0x0000000c4c000000,0x0000000c4c100000] [id=7488]
  0x000001896bd1e000 ConcurrentGCThread "G1 Conc#0" [stack: 0x0000000c4c100000,0x0000000c4c200000] [id=30220]
  0x000001896bd27000 ConcurrentGCThread "G1 Conc#1" [stack: 0x0000000c4c200000,0x0000000c4c300000] [id=19764]
  0x000001897c216800 ConcurrentGCThread "G1 Refine#0" [stack: 0x0000000c4c300000,0x0000000c4c400000] [id=11324]
  0x000001897c217000 ConcurrentGCThread "G1 Refine#1" [stack: 0x0000000c4c400000,0x0000000c4c500000] [id=26744]
  0x000001897c218000 ConcurrentGCThread "G1 Refine#2" [stack: 0x0000000c4c500000,0x0000000c4c600000] [id=14352]
  0x000001897c21b000 ConcurrentGCThread "G1 Refine#3" [stack: 0x0000000c4c600000,0x0000000c4c700000] [id=22156]
  0x000001897c21e000 ConcurrentGCThread "G1 Refine#4" [stack: 0x0000000c4c700000,0x0000000c4c800000] [id=30224]
  0x000001897c21f000 ConcurrentGCThread "G1 Refine#5" [stack: 0x0000000c4c800000,0x0000000c4c900000] [id=18676]
  0x000001897c224000 ConcurrentGCThread "G1 Refine#6" [stack: 0x0000000c4c900000,0x0000000c4ca00000] [id=33716]
  0x000001897c22c800 ConcurrentGCThread "G1 Refine#7" [stack: 0x0000000c4ca00000,0x0000000c4cb00000] [id=19660]
  0x000001897c22d800 ConcurrentGCThread "G1 Young RemSet Sampling" [stack: 0x0000000c4cb00000,0x0000000c4cc00000] [id=39084]
  0x000001897c236000 ConcurrentGCThread "G1 StrDedup" [stack: 0x0000000c4cc00000,0x0000000c4cd00000] [id=13328]

Threads with active compile tasks:
C2 CompilerThread215729       4       org.eclipse.jdt.internal.compiler.classfmt.ModuleInfo::readModuleAttribute (1166 bytes)

VM state:at safepoint (normal execution)

VM Mutex/Monitor currently owned by a thread:  ([mutex/lock_event])
[0x000001896bcaec70] Threads_lock - owner thread: 0x000001897c39b800
[0x000001896bcaeeb0] Heap_lock - owner thread: 0x000001896bd18000

Heap address: 0x00000000c0000000, size: 1024 MB, Compressed Oops mode: 32-bit
Narrow klass base: 0x0000000000000000, Narrow klass shift: 3
Compressed class space size: 1073741824 Address: 0x0000000100000000

Heap:
 garbage-first heap   total 131072K, used 98210K [0x00000000c0000000, 0x0000000100000000)
  region size 1024K, 9 young (9216K), 3 survivors (3072K)
 Metaspace       used 72924K, capacity 75736K, committed 75900K, reserved 1118208K
  class space    used 6396K, capacity 7439K, committed 7548K, reserved 1048576K
Heap Regions: E=young(eden), S=young(survivor), O=old, HS=humongous(starts), HC=humongous(continues), CS=collection set, F=free, A=archive, TS=gc time stamp, AC=allocation context, TAMS=top-at-mark-start (previous, next)
|   0|0x00000000c0000000, 0x00000000c0100000, 0x00000000c0100000|100%| O|  |TS  0|AC  0|TAMS 0x00000000c0100000, 0x00000000c0100000|
|   1|0x00000000c0100000, 0x00000000c0200000, 0x00000000c0200000|100%| O|  |TS  0|AC  0|TAMS 0x00000000c0200000, 0x00000000c0200000|
|   2|0x00000000c0200000, 0x00000000c0300000, 0x00000000c0300000|100%| O|  |TS  0|AC  0|TAMS 0x00000000c0300000, 0x00000000c0300000|
|   3|0x00000000c0300000, 0x00000000c0400000, 0x00000000c0400000|100%| O|  |TS  0|AC  0|TAMS 0x00000000c0400000, 0x00000000c0400000|
|   4|0x00000000c0400000, 0x00000000c0500000, 0x00000000c0500000|100%| O|  |TS  0|AC  0|TAMS 0x00000000c0500000, 0x00000000c0500000|
|   5|0x00000000c0500000, 0x00000000c0600000, 0x00000000c0600000|100%| O|  |TS  0|AC  0|TAMS 0x00000000c0600000, 0x00000000c0600000|
|   6|0x00000000c0600000, 0x00000000c0700000, 0x00000000c0700000|100%| O|  |TS  0|AC  0|TAMS 0x00000000c0700000, 0x00000000c0700000|
|   7|0x00000000c0700000, 0x00000000c0800000, 0x00000000c0800000|100%| O|  |TS  0|AC  0|TAMS 0x00000000c0800000, 0x00000000c0800000|
|   8|0x00000000c0800000, 0x00000000c0900000, 0x00000000c0900000|100%| O|  |TS  0|AC  0|TAMS 0x00000000c0900000, 0x00000000c0900000|
|   9|0x00000000c0900000, 0x00000000c0a00000, 0x00000000c0a00000|100%| O|  |TS  0|AC  0|TAMS 0x00000000c0a00000, 0x00000000c0a00000|
|  10|0x00000000c0a00000, 0x00000000c0b00000, 0x00000000c0b00000|100%| O|  |TS  0|AC  0|TAMS 0x00000000c0b00000, 0x00000000c0b00000|
|  11|0x00000000c0b00000, 0x00000000c0c00000, 0x00000000c0c00000|100%| O|  |TS  0|AC  0|TAMS 0x00000000c0c00000, 0x00000000c0c00000|
|  12|0x00000000c0c00000, 0x00000000c0d00000, 0x00000000c0d00000|100%| O|  |TS  0|AC  0|TAMS 0x00000000c0d00000, 0x00000000c0d00000|
|  13|0x00000000c0d00000, 0x00000000c0e00000, 0x00000000c0e00000|100%| O|  |TS  0|AC  0|TAMS 0x00000000c0e00000, 0x00000000c0e00000|
|  14|0x00000000c0e00000, 0x00000000c0f00000, 0x00000000c0f00000|100%| O|  |TS  0|AC  0|TAMS 0x00000000c0f00000, 0x00000000c0f00000|
|  15|0x00000000c0f00000, 0x00000000c1000000, 0x00000000c1000000|100%| O|  |TS  0|AC  0|TAMS 0x00000000c1000000, 0x00000000c1000000|
|  16|0x00000000c1000000, 0x00000000c1100000, 0x00000000c1100000|100%| O|  |TS  0|AC  0|TAMS 0x00000000c1100000, 0x00000000c1100000|
|  17|0x00000000c1100000, 0x00000000c1200000, 0x00000000c1200000|100%| O|  |TS  0|AC  0|TAMS 0x00000000c1200000, 0x00000000c1200000|
|  18|0x00000000c1200000, 0x00000000c1300000, 0x00000000c1300000|100%| O|  |TS  0|AC  0|TAMS 0x00000000c1300000, 0x00000000c1300000|
|  19|0x00000000c1300000, 0x00000000c1400000, 0x00000000c1400000|100%| O|  |TS  0|AC  0|TAMS 0x00000000c1400000, 0x00000000c1400000|
|  20|0x00000000c1400000, 0x00000000c1500000, 0x00000000c1500000|100%| O|  |TS  0|AC  0|TAMS 0x00000000c1500000, 0x00000000c1500000|
|  21|0x00000000c1500000, 0x00000000c1600000, 0x00000000c1600000|100%| O|  |TS  0|AC  0|TAMS 0x00000000c1600000, 0x00000000c1600000|
|  22|0x00000000c1600000, 0x00000000c1700000, 0x00000000c1700000|100%|HS|  |TS  0|AC  0|TAMS 0x00000000c1700000, 0x00000000c1700000|
|  23|0x00000000c1700000, 0x00000000c1800000, 0x00000000c1800000|100%| O|  |TS  0|AC  0|TAMS 0x00000000c1800000, 0x00000000c1800000|
|  24|0x00000000c1800000, 0x00000000c1900000, 0x00000000c1900000|100%| O|  |TS  0|AC  0|TAMS 0x00000000c1900000, 0x00000000c1900000|
|  25|0x00000000c1900000, 0x00000000c1a00000, 0x00000000c1a00000|100%| O|  |TS  0|AC  0|TAMS 0x00000000c1a00000, 0x00000000c1a00000|
|  26|0x00000000c1a00000, 0x00000000c1b00000, 0x00000000c1b00000|100%| O|  |TS  0|AC  0|TAMS 0x00000000c1b00000, 0x00000000c1b00000|
|  27|0x00000000c1b00000, 0x00000000c1c00000, 0x00000000c1c00000|100%| O|  |TS  0|AC  0|TAMS 0x00000000c1c00000, 0x00000000c1c00000|
|  28|0x00000000c1c00000, 0x00000000c1d00000, 0x00000000c1d00000|100%| O|  |TS  0|AC  0|TAMS 0x00000000c1d00000, 0x00000000c1d00000|
|  29|0x00000000c1d00000, 0x00000000c1e00000, 0x00000000c1e00000|100%| O|  |TS  0|AC  0|TAMS 0x00000000c1e00000, 0x00000000c1e00000|
|  30|0x00000000c1e00000, 0x00000000c1f00000, 0x00000000c1f00000|100%| O|  |TS  0|AC  0|TAMS 0x00000000c1f00000, 0x00000000c1f00000|
|  31|0x00000000c1f00000, 0x00000000c2000000, 0x00000000c2000000|100%| O|  |TS  0|AC  0|TAMS 0x00000000c2000000, 0x00000000c2000000|
|  32|0x00000000c2000000, 0x00000000c2100000, 0x00000000c2100000|100%| O|  |TS  0|AC  0|TAMS 0x00000000c2100000, 0x00000000c2100000|
|  33|0x00000000c2100000, 0x00000000c2200000, 0x00000000c2200000|100%| O|  |TS  0|AC  0|TAMS 0x00000000c2200000, 0x00000000c2200000|
|  34|0x00000000c2200000, 0x00000000c2300000, 0x00000000c2300000|100%| O|  |TS  0|AC  0|TAMS 0x00000000c2300000, 0x00000000c2300000|
|  35|0x00000000c2300000, 0x00000000c2400000, 0x00000000c2400000|100%| O|  |TS  0|AC  0|TAMS 0x00000000c2400000, 0x00000000c2400000|
|  36|0x00000000c2400000, 0x00000000c2500000, 0x00000000c2500000|100%| O|  |TS  0|AC  0|TAMS 0x00000000c2500000, 0x00000000c2500000|
|  37|0x00000000c2500000, 0x00000000c2600000, 0x00000000c2600000|100%| O|  |TS  0|AC  0|TAMS 0x00000000c2600000, 0x00000000c2600000|
|  38|0x00000000c2600000, 0x00000000c2700000, 0x00000000c2700000|100%| O|  |TS  0|AC  0|TAMS 0x00000000c2700000, 0x00000000c2700000|
|  39|0x00000000c2700000, 0x00000000c2800000, 0x00000000c2800000|100%| O|  |TS  0|AC  0|TAMS 0x00000000c2800000, 0x00000000c2800000|
|  40|0x00000000c2800000, 0x00000000c2900000, 0x00000000c2900000|100%| O|  |TS  0|AC  0|TAMS 0x00000000c2900000, 0x00000000c2900000|
|  41|0x00000000c2900000, 0x00000000c2a00000, 0x00000000c2a00000|100%| O|  |TS  0|AC  0|TAMS 0x00000000c2a00000, 0x00000000c2a00000|
|  42|0x00000000c2a00000, 0x00000000c2b00000, 0x00000000c2b00000|100%| O|  |TS  0|AC  0|TAMS 0x00000000c2b00000, 0x00000000c2b00000|
|  43|0x00000000c2b00000, 0x00000000c2c00000, 0x00000000c2c00000|100%| O|  |TS  0|AC  0|TAMS 0x00000000c2c00000, 0x00000000c2c00000|
|  44|0x00000000c2c00000, 0x00000000c2d00000, 0x00000000c2d00000|100%| O|  |TS  0|AC  0|TAMS 0x00000000c2d00000, 0x00000000c2d00000|
|  45|0x00000000c2d00000, 0x00000000c2e00000, 0x00000000c2e00000|100%| O|  |TS  0|AC  0|TAMS 0x00000000c2e00000, 0x00000000c2e00000|
|  46|0x00000000c2e00000, 0x00000000c2f00000, 0x00000000c2f00000|100%| O|  |TS  0|AC  0|TAMS 0x00000000c2f00000, 0x00000000c2f00000|
|  47|0x00000000c2f00000, 0x00000000c3000000, 0x00000000c3000000|100%| O|  |TS  0|AC  0|TAMS 0x00000000c3000000, 0x00000000c3000000|
|  48|0x00000000c3000000, 0x00000000c3100000, 0x00000000c3100000|100%| O|  |TS  0|AC  0|TAMS 0x00000000c3100000, 0x00000000c3100000|
|  49|0x00000000c3100000, 0x00000000c3200000, 0x00000000c3200000|100%|HS|  |TS  0|AC  0|TAMS 0x00000000c3200000, 0x00000000c3200000|
|  50|0x00000000c3200000, 0x00000000c3300000, 0x00000000c3300000|100%| O|  |TS  0|AC  0|TAMS 0x00000000c3300000, 0x00000000c3300000|
|  51|0x00000000c3300000, 0x00000000c3400000, 0x00000000c3400000|100%| O|  |TS  0|AC  0|TAMS 0x00000000c3400000, 0x00000000c3400000|
|  52|0x00000000c3400000, 0x00000000c3500000, 0x00000000c3500000|100%| O|  |TS  1|AC  0|TAMS 0x00000000c349d400, 0x00000000c3500000|
|  53|0x00000000c3500000, 0x00000000c3600000, 0x00000000c3600000|100%| O|  |TS  0|AC  0|TAMS 0x00000000c3600000, 0x00000000c3600000|
|  54|0x00000000c3600000, 0x00000000c3700000, 0x00000000c3700000|100%|HS|  |TS  0|AC  0|TAMS 0x00000000c3700000, 0x00000000c3700000|
|  55|0x00000000c3700000, 0x00000000c3800000, 0x00000000c3800000|100%| O|  |TS  0|AC  0|TAMS 0x00000000c3800000, 0x00000000c3800000|
|  56|0x00000000c3800000, 0x00000000c3900000, 0x00000000c3900000|100%| O|  |TS  0|AC  0|TAMS 0x00000000c3900000, 0x00000000c3900000|
|  57|0x00000000c3900000, 0x00000000c3a00000, 0x00000000c3a00000|100%| O|  |TS  0|AC  0|TAMS 0x00000000c3a00000, 0x00000000c3a00000|
|  58|0x00000000c3a00000, 0x00000000c3b00000, 0x00000000c3b00000|100%| O|  |TS  0|AC  0|TAMS 0x00000000c3b00000, 0x00000000c3b00000|
|  59|0x00000000c3b00000, 0x00000000c3c00000, 0x00000000c3c00000|100%| O|  |TS  0|AC  0|TAMS 0x00000000c3c00000, 0x00000000c3c00000|
|  60|0x00000000c3c00000, 0x00000000c3d00000, 0x00000000c3d00000|100%| O|  |TS  0|AC  0|TAMS 0x00000000c3d00000, 0x00000000c3d00000|
|  61|0x00000000c3d00000, 0x00000000c3e00000, 0x00000000c3e00000|100%| O|  |TS  0|AC  0|TAMS 0x00000000c3e00000, 0x00000000c3e00000|
|  62|0x00000000c3e00000, 0x00000000c3f00000, 0x00000000c3f00000|100%| O|  |TS  0|AC  0|TAMS 0x00000000c3f00000, 0x00000000c3f00000|
|  63|0x00000000c3f00000, 0x00000000c4000000, 0x00000000c4000000|100%| O|  |TS  0|AC  0|TAMS 0x00000000c4000000, 0x00000000c4000000|
|  64|0x00000000c4000000, 0x00000000c4100000, 0x00000000c4100000|100%| O|  |TS  0|AC  0|TAMS 0x00000000c4100000, 0x00000000c4100000|
|  65|0x00000000c4100000, 0x00000000c4200000, 0x00000000c4200000|100%| O|  |TS  0|AC  0|TAMS 0x00000000c4200000, 0x00000000c4200000|
|  66|0x00000000c4200000, 0x00000000c4300000, 0x00000000c4300000|100%| O|  |TS  0|AC  0|TAMS 0x00000000c4300000, 0x00000000c4300000|
|  67|0x00000000c4300000, 0x00000000c43e8a00, 0x00000000c4400000| 90%| O|  |TS  2|AC  0|TAMS 0x00000000c4300000, 0x00000000c43e8a00|
|  68|0x00000000c4400000, 0x00000000c4500000, 0x00000000c4500000|100%| O|  |TS  0|AC  0|TAMS 0x00000000c4500000, 0x00000000c4500000|
|  69|0x00000000c4500000, 0x00000000c4600000, 0x00000000c4600000|100%| O|  |TS  0|AC  0|TAMS 0x00000000c4600000, 0x00000000c4600000|
|  70|0x00000000c4600000, 0x00000000c4700000, 0x00000000c4700000|100%| O|  |TS  0|AC  0|TAMS 0x00000000c4700000, 0x00000000c4700000|
|  71|0x00000000c4700000, 0x00000000c4800000, 0x00000000c4800000|100%| O|  |TS  0|AC  0|TAMS 0x00000000c4800000, 0x00000000c4800000|
|  72|0x00000000c4800000, 0x00000000c4900000, 0x00000000c4900000|100%| O|  |TS  0|AC  0|TAMS 0x00000000c4900000, 0x00000000c4900000|
|  73|0x00000000c4900000, 0x00000000c4900000, 0x00000000c4a00000|  0%| F|  |TS  1|AC  0|TAMS 0x00000000c4900000, 0x00000000c4900000|
|  74|0x00000000c4a00000, 0x00000000c4b00000, 0x00000000c4b00000|100%| O|  |TS  0|AC  0|TAMS 0x00000000c4b00000, 0x00000000c4b00000|
|  75|0x00000000c4b00000, 0x00000000c4c00000, 0x00000000c4c00000|100%| O|  |TS  0|AC  0|TAMS 0x00000000c4c00000, 0x00000000c4c00000|
|  76|0x00000000c4c00000, 0x00000000c4d00000, 0x00000000c4d00000|100%| O|  |TS  0|AC  0|TAMS 0x00000000c4d00000, 0x00000000c4d00000|
|  77|0x00000000c4d00000, 0x00000000c4e00000, 0x00000000c4e00000|100%| O|  |TS  0|AC  0|TAMS 0x00000000c4e00000, 0x00000000c4e00000|
|  78|0x00000000c4e00000, 0x00000000c4f00000, 0x00000000c4f00000|100%| O|  |TS  0|AC  0|TAMS 0x00000000c4f00000, 0x00000000c4f00000|
|  79|0x00000000c4f00000, 0x00000000c5000000, 0x00000000c5000000|100%| O|  |TS  0|AC  0|TAMS 0x00000000c5000000, 0x00000000c5000000|
|  80|0x00000000c5000000, 0x00000000c5100000, 0x00000000c5100000|100%| O|  |TS  0|AC  0|TAMS 0x00000000c5100000, 0x00000000c5100000|
|  81|0x00000000c5100000, 0x00000000c5200000, 0x00000000c5200000|100%| O|  |TS  0|AC  0|TAMS 0x00000000c5200000, 0x00000000c5200000|
|  82|0x00000000c5200000, 0x00000000c5300000, 0x00000000c5300000|100%| O|  |TS  0|AC  0|TAMS 0x00000000c5300000, 0x00000000c5300000|
|  83|0x00000000c5300000, 0x00000000c5300000, 0x00000000c5400000|  0%| F|  |TS  1|AC  0|TAMS 0x00000000c5300000, 0x00000000c5300000|
|  84|0x00000000c5400000, 0x00000000c5500000, 0x00000000c5500000|100%| O|  |TS  0|AC  0|TAMS 0x00000000c5500000, 0x00000000c5500000|
|  85|0x00000000c5500000, 0x00000000c5600000, 0x00000000c5600000|100%| O|  |TS  1|AC  0|TAMS 0x00000000c5500000, 0x00000000c5600000|
|  86|0x00000000c5600000, 0x00000000c5700000, 0x00000000c5700000|100%| O|  |TS  1|AC  0|TAMS 0x00000000c5600000, 0x00000000c5700000|
|  87|0x00000000c5700000, 0x00000000c5800000, 0x00000000c5800000|100%| O|  |TS  2|AC  0|TAMS 0x00000000c5700000, 0x00000000c5800000|
|  88|0x00000000c5800000, 0x00000000c5900000, 0x00000000c5900000|100%| O|  |TS  0|AC  0|TAMS 0x00000000c5900000, 0x00000000c5900000|
|  89|0x00000000c5900000, 0x00000000c5a00000, 0x00000000c5a00000|100%| O|  |TS  0|AC  0|TAMS 0x00000000c5a00000, 0x00000000c5a00000|
|  90|0x00000000c5a00000, 0x00000000c5a00000, 0x00000000c5b00000|  0%| F|  |TS  0|AC  0|TAMS 0x00000000c5a00000, 0x00000000c5a00000|
|  91|0x00000000c5b00000, 0x00000000c5b00000, 0x00000000c5c00000|  0%| F|  |TS  0|AC  0|TAMS 0x00000000c5b00000, 0x00000000c5b00000|
|  92|0x00000000c5c00000, 0x00000000c5c00000, 0x00000000c5d00000|  0%| F|  |TS  0|AC  0|TAMS 0x00000000c5c00000, 0x00000000c5c00000|
|  93|0x00000000c5d00000, 0x00000000c5d00000, 0x00000000c5e00000|  0%| F|  |TS  0|AC  0|TAMS 0x00000000c5d00000, 0x00000000c5d00000|
|  94|0x00000000c5e00000, 0x00000000c5e00000, 0x00000000c5f00000|  0%| F|  |TS  0|AC  0|TAMS 0x00000000c5e00000, 0x00000000c5e00000|
|  95|0x00000000c5f00000, 0x00000000c5f00000, 0x00000000c6000000|  0%| F|  |TS  0|AC  0|TAMS 0x00000000c5f00000, 0x00000000c5f00000|
|  96|0x00000000c6000000, 0x00000000c6000000, 0x00000000c6100000|  0%| F|  |TS  0|AC  0|TAMS 0x00000000c6000000, 0x00000000c6000000|
|  97|0x00000000c6100000, 0x00000000c6100000, 0x00000000c6200000|  0%| F|  |TS  0|AC  0|TAMS 0x00000000c6100000, 0x00000000c6100000|
|  98|0x00000000c6200000, 0x00000000c6200000, 0x00000000c6300000|  0%| F|  |TS  0|AC  0|TAMS 0x00000000c6200000, 0x00000000c6200000|
|  99|0x00000000c6300000, 0x00000000c6300000, 0x00000000c6400000|  0%| F|  |TS  0|AC  0|TAMS 0x00000000c6300000, 0x00000000c6300000|
| 100|0x00000000c6400000, 0x00000000c6400000, 0x00000000c6500000|  0%| F|  |TS  0|AC  0|TAMS 0x00000000c6400000, 0x00000000c6400000|
| 101|0x00000000c6500000, 0x00000000c6500000, 0x00000000c6600000|  0%| F|  |TS  0|AC  0|TAMS 0x00000000c6500000, 0x00000000c6500000|
| 102|0x00000000c6600000, 0x00000000c6600000, 0x00000000c6700000|  0%| F|  |TS  2|AC  0|TAMS 0x00000000c6600000, 0x00000000c6600000|
| 103|0x00000000c6700000, 0x00000000c6700000, 0x00000000c6800000|  0%| F|  |TS  2|AC  0|TAMS 0x00000000c6700000, 0x00000000c6700000|
| 104|0x00000000c6800000, 0x00000000c6800000, 0x00000000c6900000|  0%| F|  |TS  2|AC  0|TAMS 0x00000000c6800000, 0x00000000c6800000|
| 105|0x00000000c6900000, 0x00000000c6900000, 0x00000000c6a00000|  0%| F|  |TS  1|AC  0|TAMS 0x00000000c6900000, 0x00000000c6900000|
| 106|0x00000000c6a00000, 0x00000000c6a00000, 0x00000000c6b00000|  0%| F|  |TS  1|AC  0|TAMS 0x00000000c6a00000, 0x00000000c6a00000|
| 107|0x00000000c6b00000, 0x00000000c6b00000, 0x00000000c6c00000|  0%| F|  |TS  1|AC  0|TAMS 0x00000000c6b00000, 0x00000000c6b00000|
| 108|0x00000000c6c00000, 0x00000000c6c00000, 0x00000000c6d00000|  0%| F|  |TS  1|AC  0|TAMS 0x00000000c6c00000, 0x00000000c6c00000|
| 109|0x00000000c6d00000, 0x00000000c6e00000, 0x00000000c6e00000|100%| S|CS|TS  2|AC  0|TAMS 0x00000000c6d00000, 0x00000000c6d00000|
| 110|0x00000000c6e00000, 0x00000000c6f00000, 0x00000000c6f00000|100%| S|CS|TS  2|AC  0|TAMS 0x00000000c6e00000, 0x00000000c6e00000|
| 111|0x00000000c6f00000, 0x00000000c7000000, 0x00000000c7000000|100%| S|CS|TS  2|AC  0|TAMS 0x00000000c6f00000, 0x00000000c6f00000|
| 112|0x00000000c7000000, 0x00000000c7000000, 0x00000000c7100000|  0%| F|  |TS  2|AC  0|TAMS 0x00000000c7000000, 0x00000000c7000000|
| 113|0x00000000c7100000, 0x00000000c7100000, 0x00000000c7200000|  0%| F|  |TS  2|AC  0|TAMS 0x00000000c7100000, 0x00000000c7100000|
| 114|0x00000000c7200000, 0x00000000c7200000, 0x00000000c7300000|  0%| F|  |TS  2|AC  0|TAMS 0x00000000c7200000, 0x00000000c7200000|
| 115|0x00000000c7300000, 0x00000000c7300000, 0x00000000c7400000|  0%| F|  |TS  2|AC  0|TAMS 0x00000000c7300000, 0x00000000c7300000|
| 116|0x00000000c7400000, 0x00000000c7400000, 0x00000000c7500000|  0%| F|  |TS  2|AC  0|TAMS 0x00000000c7400000, 0x00000000c7400000|
| 117|0x00000000c7500000, 0x00000000c7500000, 0x00000000c7600000|  0%| F|  |TS  2|AC  0|TAMS 0x00000000c7500000, 0x00000000c7500000|
| 118|0x00000000c7600000, 0x00000000c7600000, 0x00000000c7700000|  0%| F|  |TS  2|AC  0|TAMS 0x00000000c7600000, 0x00000000c7600000|
| 119|0x00000000c7700000, 0x00000000c7700000, 0x00000000c7800000|  0%| F|  |TS  2|AC  0|TAMS 0x00000000c7700000, 0x00000000c7700000|
| 120|0x00000000c7800000, 0x00000000c7800000, 0x00000000c7900000|  0%| F|  |TS  2|AC  0|TAMS 0x00000000c7800000, 0x00000000c7800000|
| 121|0x00000000c7900000, 0x00000000c7900000, 0x00000000c7a00000|  0%| F|  |TS  2|AC  0|TAMS 0x00000000c7900000, 0x00000000c7900000|
| 122|0x00000000c7a00000, 0x00000000c7a6d578, 0x00000000c7b00000| 42%| E|  |TS  2|AC  0|TAMS 0x00000000c7a00000, 0x00000000c7a00000|
| 123|0x00000000c7b00000, 0x00000000c7c00000, 0x00000000c7c00000|100%| E|CS|TS  2|AC  0|TAMS 0x00000000c7b00000, 0x00000000c7b00000|
| 124|0x00000000c7c00000, 0x00000000c7d00000, 0x00000000c7d00000|100%| E|CS|TS  2|AC  0|TAMS 0x00000000c7c00000, 0x00000000c7c00000|
| 125|0x00000000c7d00000, 0x00000000c7e00000, 0x00000000c7e00000|100%| E|CS|TS  2|AC  0|TAMS 0x00000000c7d00000, 0x00000000c7d00000|
| 126|0x00000000c7e00000, 0x00000000c7f00000, 0x00000000c7f00000|100%| E|CS|TS  2|AC  0|TAMS 0x00000000c7e00000, 0x00000000c7e00000|
| 127|0x00000000c7f00000, 0x00000000c8000000, 0x00000000c8000000|100%| E|CS|TS  2|AC  0|TAMS 0x00000000c7f00000, 0x00000000c7f00000|

Card table byte_map: [0x0000018977580000,0x0000018977780000] byte_map_base: 0x0000018976f80000

Marking Bits (Prev, Next): (CMBitMap*) 0x000001896bd171c8, (CMBitMap*) 0x000001896bd17190
 Prev Bits: [0x0000018978980000, 0x0000018979980000)
 Next Bits: [0x0000018977980000, 0x0000018978980000)

Polling page: 0x0000018969ac0000

CodeHeap 'non-profiled nmethods': size=120000Kb used=12150Kb max_used=12150Kb free=107849Kb
 bounds [0x0000018907ad0000, 0x00000189086b0000, 0x000001890f000000]
CodeHeap 'profiled nmethods': size=120000Kb used=36014Kb max_used=36014Kb free=83985Kb
 bounds [0x00000189005a0000, 0x00000189028f0000, 0x0000018907ad0000]
CodeHeap 'non-nmethods': size=5760Kb used=1294Kb max_used=1377Kb free=4465Kb
 bounds [0x0000018900000000, 0x0000018900270000, 0x00000189005a0000]
 total_blobs=20738 nmethods=13253 adapters=597
 compilation: enabled

Compilation events (10 events):
Event: 6665.405 Thread 0x000001897cd6c000 nmethod 15731% 0x00000189028e9d10 code [0x00000189028ea0c0, 0x00000189028eb760]
Event: 6665.405 Thread 0x000001897cd0e800 nmethod 15733% 0x00000189086ad190 code [0x00000189086ad320, 0x00000189086ad3f8]
Event: 6665.450 Thread 0x000001897cd0a800 15734       4       org.eclipse.jdt.internal.core.PackageFragment::getElementName (22 bytes)
Event: 6665.450 Thread 0x000001897cd6c000 15735       1       org.eclipse.jdt.internal.core.builder.ClasspathLocation::setModule (6 bytes)
Event: 6665.452 Thread 0x000001897cd6c000 nmethod 15735 0x00000189086ad510 code [0x00000189086ad6c0, 0x00000189086ad818]
Event: 6665.452 Thread 0x000001897cd6c000 15736       3       java.util.concurrent.locks.ReentrantReadWriteLock::writeLock (5 bytes)
Event: 6665.453 Thread 0x000001897cd6c000 nmethod 15736 0x00000189028ebf90 code [0x00000189028ec140, 0x00000189028ec2b8]
Event: 6665.456 Thread 0x000001897cd0a800 nmethod 15734 0x00000189086ad890 code [0x00000189086ada60, 0x00000189086add68]
Event: 6665.459 Thread 0x000001897cd6c000 15737       3       org.eclipse.jdt.internal.compiler.classfmt.ModuleInfo$ServiceInfo::<init> (10 bytes)
Event: 6665.459 Thread 0x000001897cd6c000 nmethod 15737 0x00000189028ec390 code [0x00000189028ec540, 0x00000189028ec758]

GC Heap History (10 events):
Event: 5509.289 GC heap before
{Heap before GC invocations=134 (full 0):
 garbage-first heap   total 131072K, used 107844K [0x00000000c0000000, 0x0000000100000000)
  region size 1024K, 17 young (17408K), 1 survivors (1024K)
 Metaspace       used 72799K, capacity 75671K, committed 75900K, reserved 1118208K
  class space    used 6393K, capacity 7439K, committed 7548K, reserved 1048576K
}
Event: 5509.292 GC heap after
{Heap after GC invocations=135 (full 0):
 garbage-first heap   total 131072K, used 88998K [0x00000000c0000000, 0x0000000100000000)
  region size 1024K, 1 young (1024K), 1 survivors (1024K)
 Metaspace       used 72799K, capacity 75671K, committed 75900K, reserved 1118208K
  class space    used 6393K, capacity 7439K, committed 7548K, reserved 1048576K
}
Event: 5511.206 GC heap before
{Heap before GC invocations=135 (full 0):
 garbage-first heap   total 131072K, used 94118K [0x00000000c0000000, 0x0000000100000000)
  region size 1024K, 6 young (6144K), 1 survivors (1024K)
 Metaspace       used 72808K, capacity 75671K, committed 75900K, reserved 1118208K
  class space    used 6393K, capacity 7439K, committed 7548K, reserved 1048576K
}
Event: 5511.210 GC heap after
{Heap after GC invocations=136 (full 0):
 garbage-first heap   total 131072K, used 85249K [0x00000000c0000000, 0x0000000100000000)
  region size 1024K, 1 young (1024K), 1 survivors (1024K)
 Metaspace       used 72808K, capacity 75671K, committed 75900K, reserved 1118208K
  class space    used 6393K, capacity 7439K, committed 7548K, reserved 1048576K
}
Event: 5511.792 GC heap before
{Heap before GC invocations=136 (full 0):
 garbage-first heap   total 131072K, used 97537K [0x00000000c0000000, 0x0000000100000000)
  region size 1024K, 14 young (14336K), 1 survivors (1024K)
 Metaspace       used 72832K, capacity 75671K, committed 75900K, reserved 1118208K
  class space    used 6393K, capacity 7439K, committed 7548K, reserved 1048576K
}
Event: 5511.798 GC heap after
{Heap after GC invocations=137 (full 0):
 garbage-first heap   total 131072K, used 88693K [0x00000000c0000000, 0x0000000100000000)
  region size 1024K, 3 young (3072K), 3 survivors (3072K)
 Metaspace       used 72832K, capacity 75671K, committed 75900K, reserved 1118208K
  class space    used 6393K, capacity 7439K, committed 7548K, reserved 1048576K
}
Event: 6589.643 GC heap before
{Heap before GC invocations=138 (full 0):
 garbage-first heap   total 131072K, used 112245K [0x00000000c0000000, 0x0000000100000000)
  region size 1024K, 23 young (23552K), 3 survivors (3072K)
 Metaspace       used 72909K, capacity 75736K, committed 75900K, reserved 1118208K
  class space    used 6393K, capacity 7439K, committed 7548K, reserved 1048576K
}
Event: 6589.669 GC heap after
{Heap after GC invocations=139 (full 0):
 garbage-first heap   total 131072K, used 92109K [0x00000000c0000000, 0x0000000100000000)
  region size 1024K, 3 young (3072K), 3 survivors (3072K)
 Metaspace       used 72909K, capacity 75736K, committed 75900K, reserved 1118208K
  class space    used 6393K, capacity 7439K, committed 7548K, reserved 1048576K
}
Event: 6665.161 GC heap before
{Heap before GC invocations=139 (full 0):
 garbage-first heap   total 131072K, used 108493K [0x00000000c0000000, 0x0000000100000000)
  region size 1024K, 19 young (19456K), 3 survivors (3072K)
 Metaspace       used 72909K, capacity 75736K, committed 75900K, reserved 1118208K
  class space    used 6393K, capacity 7439K, committed 7548K, reserved 1048576K
}
Event: 6665.189 GC heap after
{Heap after GC invocations=140 (full 0):
 garbage-first heap   total 131072K, used 93090K [0x00000000c0000000, 0x0000000100000000)
  region size 1024K, 3 young (3072K), 3 survivors (3072K)
 Metaspace       used 72909K, capacity 75736K, committed 75900K, reserved 1118208K
  class space    used 6393K, capacity 7439K, committed 7548K, reserved 1048576K
}

Deoptimization events (10 events):
Event: 5507.945 Thread 0x000001891fe42800 Uncommon trap: reason=unstable_if action=reinterpret pc=0x0000018908476ca0 method=org.eclipse.jdt.core.dom.ASTNode.setSourceRange(II)V @ 1 c2
Event: 5511.246 Thread 0x000001891fe48800 Uncommon trap: reason=intrinsic_or_type_checked_inlining action=make_not_entrant pc=0x000001890867600c method=org.eclipse.jdt.internal.compiler.parser.Parser.consumeEnterVariable()V @ 424 c2
Event: 6582.091 Thread 0x000001891fe41800 Uncommon trap: reason=array_check action=maybe_recompile pc=0x000001890868d3e0 method=org.eclipse.jdt.internal.compiler.classfmt.ModuleInfo.readModuleAttribute(I)V @ 1029 c2
Event: 6585.059 Thread 0x000001891fe41800 Uncommon trap: reason=unstable_if action=reinterpret pc=0x0000018908592258 method=org.eclipse.jdt.core.compiler.CharOperation.concat([C[CC)[C @ 7 c2
Event: 6588.867 Thread 0x000001891fe41800 Uncommon trap: reason=array_check action=maybe_recompile pc=0x000001890868d3e0 method=org.eclipse.jdt.internal.compiler.classfmt.ModuleInfo.readModuleAttribute(I)V @ 1029 c2
Event: 6589.091 Thread 0x000001891fe41800 Uncommon trap: reason=array_check action=maybe_recompile pc=0x000001890868d3e0 method=org.eclipse.jdt.internal.compiler.classfmt.ModuleInfo.readModuleAttribute(I)V @ 1029 c2
Event: 6589.600 Thread 0x000001891fe41800 Uncommon trap: reason=array_check action=maybe_recompile pc=0x000001890868d3e0 method=org.eclipse.jdt.internal.compiler.classfmt.ModuleInfo.readModuleAttribute(I)V @ 1029 c2
Event: 6589.674 Thread 0x000001891fe41800 Uncommon trap: reason=unstable_if action=reinterpret pc=0x0000018908648cc0 method=org.eclipse.jdt.internal.core.SearchableEnvironment$4.acceptType(I[C[C[[CLjava/lang/String;Lorg/eclipse/jdt/internal/compiler/env/AccessRestriction;)V @ 4 c2
Event: 6665.235 Thread 0x000001891fe45000 Uncommon trap: reason=array_check action=maybe_recompile pc=0x000001890861f068 method=org.eclipse.jdt.internal.compiler.classfmt.ModuleInfo.readModuleAttribute(I)V @ 1029 c2
Event: 6665.409 Thread 0x000001891fe45000 Uncommon trap: reason=unstable_if action=reinterpret pc=0x0000018908495404 method=org.eclipse.jdt.internal.core.PackageFragment.resource(Lorg/eclipse/jdt/internal/core/PackageFragmentRoot;)Lorg/eclipse/core/resources/IResource; @ 7 c2

Classes redefined (0 events):
No events

Internal exceptions (10 events):
Event: 5511.927 Thread 0x000001891fe48800 Exception <a 'java/lang/NullPointerException'{0x00000000c7b5afa8}> (0x00000000c7b5afa8) thrown at [t:/workspace/open/src/hotspot/share/runtime/sharedRuntime.cpp, line 600]
Event: 5511.927 Thread 0x000001891fe48800 Implicit null exception at 0x0000018901bf149f to 0x0000018901bf668a
Event: 5511.927 Thread 0x000001891fe48800 Exception <a 'java/lang/NullPointerException'{0x00000000c7b5b6b8}> (0x00000000c7b5b6b8) thrown at [t:/workspace/open/src/hotspot/share/runtime/sharedRuntime.cpp, line 600]
Event: 5511.927 Thread 0x000001891fe48800 Implicit null exception at 0x0000018901bf149f to 0x0000018901bf668a
Event: 5511.927 Thread 0x000001891fe48800 Exception <a 'java/lang/NullPointerException'{0x00000000c7b5b998}> (0x00000000c7b5b998) thrown at [t:/workspace/open/src/hotspot/share/runtime/sharedRuntime.cpp, line 600]
Event: 5511.927 Thread 0x000001891fe48800 Implicit null exception at 0x0000018901bf149f to 0x0000018901bf668a
Event: 5511.927 Thread 0x000001891fe48800 Exception <a 'java/lang/NullPointerException'{0x00000000c7b5bc78}> (0x00000000c7b5bc78) thrown at [t:/workspace/open/src/hotspot/share/runtime/sharedRuntime.cpp, line 600]
Event: 6584.226 Thread 0x000001891fe41800 Exception <a 'java/lang/ArrayIndexOutOfBoundsException'{0x00000000c76a2f18}> (0x00000000c76a2f18) thrown at [t:/workspace/open/src/hotspot/share/runtime/sharedRuntime.cpp, line 600]
Event: 6585.059 Thread 0x000001891fe41800 Implicit null exception at 0x0000018908591edd to 0x0000018908592246
Event: 6589.674 Thread 0x000001891fe41800 Implicit null exception at 0x000001890863e25a to 0x0000018908648c1a

Events (10 events):
Event: 6649.700 Thread 0x000001891fe41800 Thread exited: 0x000001891fe41800
Event: 6665.161 Executing VM operation: G1IncCollectionPause
Event: 6665.189 Executing VM operation: G1IncCollectionPause done
Event: 6665.214 Thread 0x000001891fe45000 Uncommon trap: trap_request=0xffffffd6 fr.pc=0x000001890861f068 relative=0x0000000000003b08
Event: 6665.236 Thread 0x000001891fe45000 DEOPT PACKING pc=0x000001890861f068 sp=0x0000000c4b5fde10
Event: 6665.237 Thread 0x000001891fe45000 DEOPT UNPACKING pc=0x0000018900028a2f sp=0x0000000c4b5fdd88 mode 2
Event: 6665.407 Thread 0x000001891fe45000 Uncommon trap: trap_request=0xffffff55 fr.pc=0x0000018908495404 relative=0x0000000000000264
Event: 6665.409 Thread 0x000001891fe45000 DEOPT PACKING pc=0x0000018908495404 sp=0x0000000c4b5fe350
Event: 6665.409 Thread 0x000001891fe45000 DEOPT UNPACKING pc=0x0000018900028a2f sp=0x0000000c4b5fe2e8 mode 2
Event: 6665.460 Executing VM operation: CGC_Operation


Dynamic libraries:
0x00007ff7fc010000 - 0x00007ff7fc04e000 	C:\Program Files\Java\jdk-10.0.1\bin\java.exe
0x00007ffa41a20000 - 0x00007ffa41c01000 	C:\WINDOWS\SYSTEM32\ntdll.dll
0x00007ffa41600000 - 0x00007ffa416b2000 	C:\WINDOWS\System32\KERNEL32.DLL
0x00007ffa3ddf0000 - 0x00007ffa3e063000 	C:\WINDOWS\System32\KERNELBASE.dll
0x00007ffa3f920000 - 0x00007ffa3f9c1000 	C:\WINDOWS\System32\ADVAPI32.dll
0x00007ffa40e10000 - 0x00007ffa40eae000 	C:\WINDOWS\System32\msvcrt.dll
0x00007ffa3f0b0000 - 0x00007ffa3f10b000 	C:\WINDOWS\System32\sechost.dll
0x00007ffa3f2f0000 - 0x00007ffa3f414000 	C:\WINDOWS\System32\RPCRT4.dll
0x00007ffa3eeb0000 - 0x00007ffa3f040000 	C:\WINDOWS\System32\USER32.dll
0x00007ffa3eaf0000 - 0x00007ffa3eb10000 	C:\WINDOWS\System32\win32u.dll
0x00007ffa41990000 - 0x00007ffa419b8000 	C:\WINDOWS\System32\GDI32.dll
0x00007ffa3e780000 - 0x00007ffa3e912000 	C:\WINDOWS\System32\gdi32full.dll
0x00007ffa3e9a0000 - 0x00007ffa3ea3f000 	C:\WINDOWS\System32\msvcp_win.dll
0x00007ffa3eb10000 - 0x00007ffa3ec0a000 	C:\WINDOWS\System32\ucrtbase.dll
0x00007ffa28880000 - 0x00007ffa28ae9000 	C:\WINDOWS\WinSxS\amd64_microsoft.windows.common-controls_6595b64144ccf1df_6.0.17134.112_none_fb3f961b30681c12\COMCTL32.dll
0x00007ffa38c80000 - 0x00007ffa38c8a000 	C:\WINDOWS\SYSTEM32\VERSION.dll
0x00007ffa412d0000 - 0x00007ffa415f3000 	C:\WINDOWS\System32\combase.dll
0x00007ffa3e920000 - 0x00007ffa3e99a000 	C:\WINDOWS\System32\bcryptPrimitives.dll
0x00007ffa40fa0000 - 0x00007ffa40fcd000 	C:\WINDOWS\System32\IMM32.DLL
0x00007ffa1b5d0000 - 0x00007ffa1b6bf000 	C:\Program Files\Java\jdk-10.0.1\bin\msvcr120.dll
0x00007ffa1b8e0000 - 0x00007ffa1b986000 	C:\Program Files\Java\jdk-10.0.1\bin\msvcp120.dll
0x00000000624e0000 - 0x0000000062f50000 	C:\Program Files\Java\jdk-10.0.1\bin\server\jvm.dll
0x00007ffa419e0000 - 0x00007ffa419e8000 	C:\WINDOWS\System32\PSAPI.DLL
0x00007ffa2c0a0000 - 0x00007ffa2c0a9000 	C:\WINDOWS\SYSTEM32\WSOCK32.dll
0x00007ffa39da0000 - 0x00007ffa39dc3000 	C:\WINDOWS\SYSTEM32\WINMM.dll
0x00007ffa39d60000 - 0x00007ffa39d8a000 	C:\WINDOWS\SYSTEM32\WINMMBASE.dll
0x00007ffa3ec10000 - 0x00007ffa3ec59000 	C:\WINDOWS\System32\cfgmgr32.dll
0x0000018969c00000 - 0x0000018969c6c000 	C:\WINDOWS\System32\ws2_32.DLL
0x00007ffa32db0000 - 0x00007ffa32dbf000 	C:\Program Files\Java\jdk-10.0.1\bin\verify.dll
0x00007ffa35dc0000 - 0x00007ffa35f89000 	C:\WINDOWS\SYSTEM32\DBGHELP.DLL
0x00007ffa35cb0000 - 0x00007ffa35cd9000 	C:\WINDOWS\SYSTEM32\dbgcore.DLL
0x00007ffa213e0000 - 0x00007ffa21407000 	C:\Program Files\Java\jdk-10.0.1\bin\java.dll
0x00007ffa24fd0000 - 0x00007ffa24fe6000 	C:\Program Files\Java\jdk-10.0.1\bin\zip.dll
0x00007ffa32af0000 - 0x00007ffa32afa000 	C:\Program Files\Java\jdk-10.0.1\bin\jimage.dll
0x00007ffa3f9d0000 - 0x00007ffa40e10000 	C:\WINDOWS\System32\SHELL32.dll
0x00007ffa3f420000 - 0x00007ffa3f4c9000 	C:\WINDOWS\System32\shcore.dll
0x00007ffa3e070000 - 0x00007ffa3e77d000 	C:\WINDOWS\System32\windows.storage.dll
0x00007ffa41930000 - 0x00007ffa41981000 	C:\WINDOWS\System32\shlwapi.dll
0x00007ffa3ddd0000 - 0x00007ffa3dde1000 	C:\WINDOWS\System32\kernel.appcore.dll
0x00007ffa3dd90000 - 0x00007ffa3ddaf000 	C:\WINDOWS\System32\profapi.dll
0x00007ffa3dd40000 - 0x00007ffa3dd8c000 	C:\WINDOWS\System32\powrprof.dll
0x00007ffa3dd30000 - 0x00007ffa3dd3a000 	C:\WINDOWS\System32\FLTLIB.DLL
0x00007ffa20f50000 - 0x00007ffa20f6a000 	C:\Program Files\Java\jdk-10.0.1\bin\net.dll
0x00007ffa35ce0000 - 0x00007ffa35dbd000 	C:\WINDOWS\SYSTEM32\WINHTTP.dll
0x00007ffa3d5b0000 - 0x00007ffa3d616000 	C:\WINDOWS\system32\mswsock.dll
0x00007ffa20600000 - 0x00007ffa20611000 	C:\Program Files\Java\jdk-10.0.1\bin\nio.dll
0x00007ffa3d760000 - 0x00007ffa3d777000 	C:\WINDOWS\SYSTEM32\CRYPTSP.dll
0x00007ffa3d190000 - 0x00007ffa3d1c3000 	C:\WINDOWS\system32\rsaenh.dll
0x00007ffa3d890000 - 0x00007ffa3d8b5000 	C:\WINDOWS\SYSTEM32\bcrypt.dll
0x00007ffa3dc30000 - 0x00007ffa3dc58000 	C:\WINDOWS\SYSTEM32\USERENV.dll
0x00007ffa3d780000 - 0x00007ffa3d78b000 	C:\WINDOWS\SYSTEM32\CRYPTBASE.dll
0x00007ffa3d330000 - 0x00007ffa3d368000 	C:\WINDOWS\SYSTEM32\IPHLPAPI.DLL
0x00007ffa41220000 - 0x00007ffa41228000 	C:\WINDOWS\System32\NSI.dll
0x00007ffa37d90000 - 0x00007ffa37da6000 	C:\WINDOWS\SYSTEM32\dhcpcsvc6.DLL
0x00007ffa37d40000 - 0x00007ffa37d5a000 	C:\WINDOWS\SYSTEM32\dhcpcsvc.DLL
0x00007ffa1c1f0000 - 0x00007ffa1c219000 	C:\Users\Ruslan Fazliev\.vscode\extensions\redhat.java-0.27.0\server\config_win\org.eclipse.equinox.launcher\org.eclipse.equinox.launcher.win32.win32.x86_64_1.1.700.v20180518-1200\eclipse_1705.dll
0x00007ffa1ef10000 - 0x00007ffa1ef21000 	C:\Users\Ruslan Fazliev\.vscode\extensions\redhat.java-0.27.0\server\config_win\org.eclipse.osgi\24\0\.cp\jWinHttp-1.0.0.dll
0x00007ffa3f190000 - 0x00007ffa3f2e1000 	C:\WINDOWS\System32\ole32.dll
0x00007ffa1f220000 - 0x00007ffa1f243000 	C:\Program Files\Java\jdk-10.0.1\bin\sunec.dll
0x00007ffa314b0000 - 0x00007ffa314bb000 	C:\Program Files\Java\jdk-10.0.1\bin\sunmscapi.dll
0x00007ffa3ec60000 - 0x00007ffa3ee42000 	C:\WINDOWS\System32\CRYPT32.dll
0x00007ffa3ddb0000 - 0x00007ffa3ddc2000 	C:\WINDOWS\System32\MSASN1.dll
0x00007ffa3d370000 - 0x00007ffa3d42e000 	C:\WINDOWS\SYSTEM32\DNSAPI.dll
0x00007ffa35110000 - 0x00007ffa3511a000 	C:\Windows\System32\rasadhlp.dll
0x00007ffa36920000 - 0x00007ffa36992000 	C:\WINDOWS\System32\fwpuclnt.dll

dbghelp: loaded successfully - version: 4.0.5 - missing functions: none
symbol engine: initialized successfully - sym options: 0x614 - pdb path: .;C:\Program Files\Java\jdk-10.0.1\bin;C:\WINDOWS\SYSTEM32;C:\WINDOWS\WinSxS\amd64_microsoft.windows.common-controls_6595b64144ccf1df_6.0.17134.112_none_fb3f961b30681c12;C:\Program Files\Java\jdk-10.0.1\bin\server;C:\Users\Ruslan Fazliev\.vscode\extensions\redhat.java-0.27.0\server\config_win\org.eclipse.equinox.launcher\org.eclipse.equinox.launcher.win32.win32.x86_64_1.1.700.v20180518-1200;C:\Users\Ruslan Fazliev\.vscode\extensions\redhat.java-0.27.0\server\config_win\org.eclipse.osgi\24\0\.cp

VM Arguments:
jvm_args: --add-modules=ALL-SYSTEM --add-opens=java.base/java.util=ALL-UNNAMED --add-opens=java.base/java.lang=ALL-UNNAMED -Declipse.application=org.eclipse.jdt.ls.core.id1 -Dosgi.bundles.defaultStartLevel=4 -Declipse.product=org.eclipse.jdt.ls.core.product -Xverify:none -Xmx1G -XX:+UseG1GC -XX:+UseStringDeduplication 
java_command: C:\Users\Ruslan Fazliev\.vscode\extensions\redhat.java-0.27.0\server\plugins\org.eclipse.equinox.launcher_1.5.0.v20180512-1130.jar -configuration C:\Users\Ruslan Fazliev\.vscode\extensions\redhat.java-0.27.0\server\config_win -data C:\Users\Ruslan Fazliev\AppData\Roaming\Code\User\workspaceStorage\fbfa228caeedf975632bc98f2b6c1a4b\redhat.java\jdt_ws
java_class_path (initial): C:\Users\Ruslan Fazliev\.vscode\extensions\redhat.java-0.27.0\server\plugins\org.eclipse.equinox.launcher_1.5.0.v20180512-1130.jar
Launcher Type: SUN_STANDARD

Logging:
Log output configuration:
#0: stdout all=warning uptime,level,tags
#1: stderr all=off uptime,level,tags

Environment Variables:
JAVA_HOME=C:\Program Files\Java\jdk-10.0.1
PATH=C:\Program Files (x86)\Common Files\Oracle\Java\javapath;C:\Program Files (x86)\ActiveState Komodo Edit 9 nightly\;C:\Windows\system32;C:\Windows;C:\Windows\System32\Wbem;C:\Windows\System32\WindowsPowerShell\v1.0\;C:\Program Files (x86)\NVIDIA Corporation\PhysX\Common;E:\python35;E:\python35\Scripts;C:\Program Files (x86)\Skype\Phone\;C:\Program Files\swipl;C:\Program Files\swipl\bin;C:\Program Files\Git\cmd;C:\Program Files\PuTTY\;C:\Program Files (x86)\Common Files\Adobe\AGL;C:\Program Files\MiKTeX 2.9\miktex\bin\x64\;C:\Program Files\Microsoft SQL Server\130\Tools\Binn\;C:\WINDOWS\system32;C:\WINDOWS;C:\WINDOWS\System32\Wbem;C:\WINDOWS\System32\WindowsPowerShell\v1.0\;C:\Program Files\Java\jdk-10.0.1\bin;D:\apache-maven-3.5.3\bin;D:\nodejs\;C:\WINDOWS\System32\OpenSSH\;C:\Users\Ruslan Fazliev\.dnx\bin;C:\Program Files\Microsoft DNX\Dnvm\;;C:\Users\Ruslan Fazliev\AppData\Local\Microsoft\WindowsApps;C:\Program Files\Microsoft VS Code\bin;C:\Users\Ruslan Fazliev\AppData\Roaming\npm
USERNAME=Ruslan Fazliev
OS=Windows_NT
PROCESSOR_IDENTIFIER=Intel64 Family 6 Model 60 Stepping 3, GenuineIntel



---------------  S Y S T E M  ---------------

OS: Windows 10 , 64 bit Build 17134 (10.0.17134.1)

CPU:total 8 (initial active 8) (4 cores per cpu, 2 threads per core) family 6 model 60 stepping 3, cmov, cx8, fxsr, mmx, sse, sse2, sse3, ssse3, sse4.1, sse4.2, popcnt, avx, avx2, aes, clmul, erms, lzcnt, ht, tsc, tscinvbit, bmi1, bmi2, fma

Memory: 4k page, physical 8268824k(227796k free), swap 17220824k(2550092k free)

vm_info: Java HotSpot(TM) 64-Bit Server VM (10.0.1+10) for windows-amd64 JRE (10.0.1+10), built on Mar 27 2018 02:27:48 by "mach5one" with MS VC++ 12.0 (VS2013)

END.
