#
# A fatal error has been detected by the Java Runtime Environment:
#
#  EXCEPTION_PRIV_INSTRUCTION (0xc0000096) at pc=0x0000016d027d2341, pid=82476, tid=82728
#
# JRE version: Java(TM) SE Runtime Environment (10.0.1+10) (build 10.0.1+10)
# Java VM: Java HotSpot(TM) 64-Bit Server VM (10.0.1+10, mixed mode, tiered, compressed oops, g1 gc, windows-amd64)
# Problematic frame:
# J 16535 c1 org.eclipse.jdt.core.dom.DocCommentParser.parseTag(I)Z (1595 bytes) @ 0x0000016d027d2341 [0x0000016d027d01c0+0x0000000000002181]
#
# No core dump will be written. Minidumps are not enabled by default on client versions of Windows
#
# If you would like to submit a bug report, please visit:
#   http://bugreport.java.com/bugreport/crash.jsp
#

---------------  S U M M A R Y ------------

Command Line: --add-modules=ALL-SYSTEM --add-opens=java.base/java.util=ALL-UNNAMED --add-opens=java.base/java.lang=ALL-UNNAMED -Declipse.application=org.eclipse.jdt.ls.core.id1 -Dosgi.bundles.defaultStartLevel=4 -Declipse.product=org.eclipse.jdt.ls.core.product -Xverify:none -Xmx1G -XX:+UseG1GC -XX:+UseStringDeduplication C:\Users\Ruslan Fazliev\.vscode\extensions\redhat.java-0.36.0\server\plugins\org.eclipse.equinox.launcher_1.5.200.v20180922-1751.jar -configuration C:\Users\Ruslan Fazliev\.vscode\extensions\redhat.java-0.36.0\server\config_win -data c:\Users\Ruslan Fazliev\AppData\Roaming\Code\User\workspaceStorage\e4e6d1c8928dbc0460b5e10443b00f2d\redhat.java\jdt_ws

Host: Intel(R) Core(TM) i7-4710HQ CPU @ 2.50GHz, 8 cores, 15G,  Windows 10 , 64 bit Build 17134 (10.0.17134.1)
Time: Sat Jan 05 16:12:28 2019 Caiaaiay Acey (ceia) elapsed time: 66009 seconds (0d 18h 20m 9s)

---------------  T H R E A D  ---------------

Current thread (0x0000016d11549800):  JavaThread "pool-24-thread-1" [_thread_in_Java, id=82728, stack(0x0000000beb700000,0x0000000beb800000)]

Stack: [0x0000000beb700000,0x0000000beb800000],  sp=0x0000000beb7fe090,  free space=1016k
Native frames: (J=compiled Java code, j=interpreted, Vv=VM code, C=native code)
C  0x0000016d027d2341


siginfo: EXCEPTION_PRIV_INSTRUCTION (0xc0000096)


Register to memory mapping:

RIP=0x0000016d027d2341 is at entry_point+8577 in (nmethod*)0x0000016d027cfc10
RAX=0x00000000c8f3a208 is an oop
[C 
{0x00000000c8f3a208} - klass: {type array char}
 - length: 4
RBX=0x000000000000001d is an unknown value
RCX=0x00000000000001bd is an unknown value
RDX=0xd8000000c42a5888 is an unknown value
RSP=0x0000000beb7fe090 is pointing into the stack for thread: 0x0000016d11549800
RBP=0x0000000beb7fe5f8 is pointing into the stack for thread: 0x0000016d11549800
RSI=0x000000000000001d is an unknown value
RDI=0x0000000000000004 is an unknown value
R8 =0x0000000000000ec0 is an unknown value
R9 =0x000000000000006f is an unknown value
R10=0x0000016d6ea11000 is an unknown value
R11=0x0000000000000000 is an unknown value
R12=0x0000000000000000 is an unknown value
R13=0x00000000c8f27d20 is an oop
[C 
{0x00000000c8f27d20} - klass: {type array char}
 - length: 268
R14=0x0000000000000000 is an unknown value
R15=0x0000016d11549800 is a thread


Registers:
RAX=0x00000000c8f3a208, RBX=0x000000000000001d, RCX=0x00000000000001bd, RDX=0xd8000000c42a5888
RSP=0x0000000beb7fe090, RBP=0x0000000beb7fe5f8, RSI=0x000000000000001d, RDI=0x0000000000000004
R8 =0x0000000000000ec0, R9 =0x000000000000006f, R10=0x0000016d6ea11000, R11=0x0000000000000000
R12=0x0000000000000000, R13=0x00000000c8f27d20, R14=0x0000000000000000, R15=0x0000016d11549800
RIP=0x0000016d027d2341, EFLAGS=0x0000000000010206

Top of Stack: (sp=0x0000000beb7fe090)
0x0000000beb7fe090:   0000000000000000 0000000beb7fe110
0x0000000beb7fe0a0:   00000000c8f2e368 0000016d02403774
0x0000000beb7fe0b0:   0000000000000000 0000000000000000
0x0000000beb7fe0c0:   0000000000000000 0000000000000000
0x0000000beb7fe0d0:   000000000000000a 00000000000000ef
0x0000000beb7fe0e0:   00000000000000e0 00000000000000ef
0x0000000beb7fe0f0:   00000000c8f31580 00000000c8f31580
0x0000000beb7fe100:   00000000c8f36f50 0000000e0000000f
0x0000000beb7fe110:   0000000700000016 00000000c8f3a150
0x0000000beb7fe120:   00000000c8f27d20 0000000000000006
0x0000000beb7fe130:   00000000c8f3a180 00000000c8f3a1b8
0x0000000beb7fe140:   00000001001a0a80 0000000000000005
0x0000000beb7fe150:   0000000100000208 00000000c8f3a180
0x0000000beb7fe160:   0000016d00000004 00000000c8f3a208
0x0000000beb7fe170:   0000016d7efb0f00 0000000000006fba
0x0000000beb7fe180:   0000000beb7fe5f8 0000016d0297abe4 

Instructions: (pc=0x0000016d027d2341)
0x0000016d027d2321:   d8 00 00 00 48 ba 28 33 e9 26 6d 01 00 00 48 83
0x0000016d027d2331:   82 d0 0e 00 00 01 48 ba 88 58 2a c4 00 00 00 d8
0x0000016d027d2341:   fb e0 8a 3e 16 e6 b2 2c 84 c4 cf 83 f8 00 48 ba
0x0000016d027d2351:   28 33 e9 26 6d 01 00 00 48 be f0 0e 00 00 00 00 




---------------  P R O C E S S  ---------------

Threads class SMR info:
_java_thread_list=0x0000016d1721f2e0, length=28, elements={
0x0000016d70a52000, 0x0000016d7f9a8000, 0x0000016d7f9a9800, 0x0000016d7f9a3000,
0x0000016d7f9a4000, 0x0000016d7f9fc000, 0x0000016d7f9fd000, 0x0000016d7f9ff000,
0x0000016d7f9ff800, 0x0000016d7fa00800, 0x0000016d7faf1800, 0x0000016d11206000,
0x0000016d1115d800, 0x0000016d115c7800, 0x0000016d11768800, 0x0000016d117c6800,
0x0000016d13bdf800, 0x0000016d1456b000, 0x0000016d11f47800, 0x0000016d124dd000,
0x0000016d124db800, 0x0000016d143de800, 0x0000016d11548000, 0x0000016d11549000,
0x0000016d11547800, 0x0000016d11546800, 0x0000016d11545000, 0x0000016d11549800
}

Java Threads: ( => current thread )
  0x0000016d70a52000 JavaThread "main" [_thread_blocked, id=66508, stack(0x0000000be8900000,0x0000000be8a00000)]
  0x0000016d7f9a8000 JavaThread "Reference Handler" daemon [_thread_blocked, id=49952, stack(0x0000000bea000000,0x0000000bea100000)]
  0x0000016d7f9a9800 JavaThread "Finalizer" daemon [_thread_blocked, id=89028, stack(0x0000000bea100000,0x0000000bea200000)]
  0x0000016d7f9a3000 JavaThread "Signal Dispatcher" daemon [_thread_blocked, id=30740, stack(0x0000000bea200000,0x0000000bea300000)]
  0x0000016d7f9a4000 JavaThread "Attach Listener" daemon [_thread_blocked, id=7388, stack(0x0000000bea300000,0x0000000bea400000)]
  0x0000016d7f9fc000 JavaThread "C2 CompilerThread0" daemon [_thread_blocked, id=62660, stack(0x0000000bea400000,0x0000000bea500000)]
  0x0000016d7f9fd000 JavaThread "C2 CompilerThread1" daemon [_thread_blocked, id=7240, stack(0x0000000bea500000,0x0000000bea600000)]
  0x0000016d7f9ff000 JavaThread "C2 CompilerThread2" daemon [_thread_blocked, id=87836, stack(0x0000000bea600000,0x0000000bea700000)]
  0x0000016d7f9ff800 JavaThread "C1 CompilerThread3" daemon [_thread_blocked, id=28504, stack(0x0000000bea700000,0x0000000bea800000)]
  0x0000016d7fa00800 JavaThread "Sweeper thread" daemon [_thread_blocked, id=25400, stack(0x0000000bea800000,0x0000000bea900000)]
  0x0000016d7faf1800 JavaThread "Common-Cleaner" daemon [_thread_blocked, id=85000, stack(0x0000000bea900000,0x0000000beaa00000)]
  0x0000016d11206000 JavaThread "Service Thread" daemon [_thread_blocked, id=92432, stack(0x0000000beaa00000,0x0000000beab00000)]
  0x0000016d1115d800 JavaThread "Active Thread: Equinox Container: fd3020fe-eaac-4fdf-a327-81805263d837" [_thread_blocked, id=62416, stack(0x0000000beac00000,0x0000000bead00000)]
  0x0000016d115c7800 JavaThread "Framework Event Dispatcher: Equinox Container: fd3020fe-eaac-4fdf-a327-81805263d837" daemon [_thread_blocked, id=82352, stack(0x0000000bead00000,0x0000000beae00000)]
  0x0000016d11768800 JavaThread "Start Level: Equinox Container: fd3020fe-eaac-4fdf-a327-81805263d837" daemon [_thread_blocked, id=77060, stack(0x0000000beae00000,0x0000000beaf00000)]
  0x0000016d117c6800 JavaThread "Worker-JM" [_thread_blocked, id=33036, stack(0x0000000beaf00000,0x0000000beb000000)]
  0x0000016d13bdf800 JavaThread "Java indexing" daemon [_thread_blocked, id=42736, stack(0x0000000beb100000,0x0000000beb200000)]
  0x0000016d1456b000 JavaThread "Worker-1" [_thread_blocked, id=91496, stack(0x0000000beb200000,0x0000000beb300000)]
  0x0000016d11f47800 JavaThread "Bundle File Closer" daemon [_thread_blocked, id=35436, stack(0x0000000beb300000,0x0000000beb400000)]
  0x0000016d124dd000 JavaThread "pool-2-thread-1" [_thread_blocked, id=44212, stack(0x0000000beb400000,0x0000000beb500000)]
  0x0000016d124db800 JavaThread "pool-1-thread-1" [_thread_blocked, id=62904, stack(0x0000000beb500000,0x0000000beb600000)]
  0x0000016d143de800 JavaThread "ForkJoinPool.commonPool-worker-3" daemon [_thread_blocked, id=27312, stack(0x0000000be8500000,0x0000000be8600000)]
  0x0000016d11548000 JavaThread "Worker-7" [_thread_blocked, id=94260, stack(0x0000000be8700000,0x0000000be8800000)]
  0x0000016d11549000 JavaThread "ForkJoinPool.commonPool-worker-4" daemon [_thread_blocked, id=57364, stack(0x0000000be8600000,0x0000000be8700000)]
  0x0000016d11547800 JavaThread "ForkJoinPool.commonPool-worker-13" daemon [_thread_blocked, id=70348, stack(0x0000000be8800000,0x0000000be8900000)]
  0x0000016d11546800 JavaThread "ForkJoinPool.commonPool-worker-6" daemon [_thread_blocked, id=11908, stack(0x0000000beb000000,0x0000000beb100000)]
  0x0000016d11545000 JavaThread "ForkJoinPool.commonPool-worker-15" daemon [_thread_blocked, id=10352, stack(0x0000000beb600000,0x0000000beb700000)]
=>0x0000016d11549800 JavaThread "pool-24-thread-1" [_thread_in_Java, id=82728, stack(0x0000000beb700000,0x0000000beb800000)]

Other Threads:
  0x0000016d7f991800 VMThread "VM Thread" [stack: 0x0000000be9f00000,0x0000000bea000000] [id=28252]
  0x0000016d11189000 WatcherThread [stack: 0x0000000beab00000,0x0000000beac00000] [id=24740]
  0x0000016d70a6d000 GCTaskThread "GC Thread#0" [stack: 0x0000000be8a00000,0x0000000be8b00000] [id=71576]
  0x0000016d70a6e800 GCTaskThread "GC Thread#1" [stack: 0x0000000be8b00000,0x0000000be8c00000] [id=58672]
  0x0000016d70a70000 GCTaskThread "GC Thread#2" [stack: 0x0000000be8c00000,0x0000000be8d00000] [id=86236]
  0x0000016d70a76800 GCTaskThread "GC Thread#3" [stack: 0x0000000be8d00000,0x0000000be8e00000] [id=66836]
  0x0000016d70a79000 GCTaskThread "GC Thread#4" [stack: 0x0000000be8e00000,0x0000000be8f00000] [id=79012]
  0x0000016d70a7d800 GCTaskThread "GC Thread#5" [stack: 0x0000000be8f00000,0x0000000be9000000] [id=69376]
  0x0000016d70a7f000 GCTaskThread "GC Thread#6" [stack: 0x0000000be9000000,0x0000000be9100000] [id=7192]
  0x0000016d70a7b000 GCTaskThread "GC Thread#7" [stack: 0x0000000be9100000,0x0000000be9200000] [id=83228]
  0x0000016d70abe000 ConcurrentGCThread "G1 Main Marker" [stack: 0x0000000be9200000,0x0000000be9300000] [id=26412]
  0x0000016d70a79800 ConcurrentGCThread "G1 Conc#0" [stack: 0x0000000be9300000,0x0000000be9400000] [id=62704]
  0x0000016d70a7e000 ConcurrentGCThread "G1 Conc#1" [stack: 0x0000000be9400000,0x0000000be9500000] [id=94012]
  0x0000016d7f014800 ConcurrentGCThread "G1 Refine#0" [stack: 0x0000000be9500000,0x0000000be9600000] [id=14184]
  0x0000016d7f015000 ConcurrentGCThread "G1 Refine#1" [stack: 0x0000000be9600000,0x0000000be9700000] [id=37128]
  0x0000016d7f016800 ConcurrentGCThread "G1 Refine#2" [stack: 0x0000000be9700000,0x0000000be9800000] [id=4800]
  0x0000016d7f019800 ConcurrentGCThread "G1 Refine#3" [stack: 0x0000000be9800000,0x0000000be9900000] [id=72044]
  0x0000016d7f01d000 ConcurrentGCThread "G1 Refine#4" [stack: 0x0000000be9900000,0x0000000be9a00000] [id=84984]
  0x0000016d7f02a000 ConcurrentGCThread "G1 Refine#5" [stack: 0x0000000be9a00000,0x0000000be9b00000] [id=52964]
  0x0000016d7f02d000 ConcurrentGCThread "G1 Refine#6" [stack: 0x0000000be9b00000,0x0000000be9c00000] [id=83764]
  0x0000016d7f02e800 ConcurrentGCThread "G1 Refine#7" [stack: 0x0000000be9c00000,0x0000000be9d00000] [id=50732]
  0x0000016d7f02f800 ConcurrentGCThread "G1 Young RemSet Sampling" [stack: 0x0000000be9d00000,0x0000000be9e00000] [id=39564]
  0x0000016d70a7b800 ConcurrentGCThread "G1 StrDedup" [stack: 0x0000000be9e00000,0x0000000be9f00000] [id=14484]

Threads with active compile tasks:

VM state:not at safepoint (normal execution)

VM Mutex/Monitor currently owned by a thread: None

Heap address: 0x00000000c0000000, size: 1024 MB, Compressed Oops mode: 32-bit
Narrow klass base: 0x0000000000000000, Narrow klass shift: 3
Compressed class space size: 1073741824 Address: 0x0000000100000000

Heap:
 garbage-first heap   total 262144K, used 215454K [0x00000000c0000000, 0x0000000100000000)
  region size 1024K, 118 young (120832K), 5 survivors (5120K)
 Metaspace       used 74527K, capacity 77536K, committed 77908K, reserved 1120256K
  class space    used 6464K, capacity 7503K, committed 7552K, reserved 1048576K
Heap Regions: E=young(eden), S=young(survivor), O=old, HS=humongous(starts), HC=humongous(continues), CS=collection set, F=free, A=archive, TS=gc time stamp, AC=allocation context, TAMS=top-at-mark-start (previous, next)
|   0|0x00000000c0000000, 0x00000000c0100000, 0x00000000c0100000|100%| O|  |TS  0|AC  0|TAMS 0x00000000c0100000, 0x00000000c0100000|
|   1|0x00000000c0100000, 0x00000000c0200000, 0x00000000c0200000|100%| O|  |TS  0|AC  0|TAMS 0x00000000c0200000, 0x00000000c0200000|
|   2|0x00000000c0200000, 0x00000000c0300000, 0x00000000c0300000|100%| O|  |TS  0|AC  0|TAMS 0x00000000c0300000, 0x00000000c0300000|
|   3|0x00000000c0300000, 0x00000000c0400000, 0x00000000c0400000|100%| O|  |TS  0|AC  0|TAMS 0x00000000c0400000, 0x00000000c0400000|
|   4|0x00000000c0400000, 0x00000000c0500000, 0x00000000c0500000|100%| O|  |TS  0|AC  0|TAMS 0x00000000c0500000, 0x00000000c0500000|
|   5|0x00000000c0500000, 0x00000000c0600000, 0x00000000c0600000|100%| O|  |TS  0|AC  0|TAMS 0x00000000c0600000, 0x00000000c0600000|
|   6|0x00000000c0600000, 0x00000000c0700000, 0x00000000c0700000|100%| O|  |TS  0|AC  0|TAMS 0x00000000c0700000, 0x00000000c0700000|
|   7|0x00000000c0700000, 0x00000000c0800000, 0x00000000c0800000|100%| O|  |TS  0|AC  0|TAMS 0x00000000c0800000, 0x00000000c0800000|
|   8|0x00000000c0800000, 0x00000000c0900000, 0x00000000c0900000|100%| O|  |TS  0|AC  0|TAMS 0x00000000c0900000, 0x00000000c0900000|
|   9|0x00000000c0900000, 0x00000000c0a00000, 0x00000000c0a00000|100%| O|  |TS  0|AC  0|TAMS 0x00000000c0a00000, 0x00000000c0a00000|
|  10|0x00000000c0a00000, 0x00000000c0b00000, 0x00000000c0b00000|100%| O|  |TS  0|AC  0|TAMS 0x00000000c0b00000, 0x00000000c0b00000|
|  11|0x00000000c0b00000, 0x00000000c0c00000, 0x00000000c0c00000|100%| O|  |TS  0|AC  0|TAMS 0x00000000c0c00000, 0x00000000c0c00000|
|  12|0x00000000c0c00000, 0x00000000c0d00000, 0x00000000c0d00000|100%| O|  |TS  0|AC  0|TAMS 0x00000000c0d00000, 0x00000000c0d00000|
|  13|0x00000000c0d00000, 0x00000000c0e00000, 0x00000000c0e00000|100%| O|  |TS  0|AC  0|TAMS 0x00000000c0e00000, 0x00000000c0e00000|
|  14|0x00000000c0e00000, 0x00000000c0f00000, 0x00000000c0f00000|100%| O|  |TS  0|AC  0|TAMS 0x00000000c0f00000, 0x00000000c0f00000|
|  15|0x00000000c0f00000, 0x00000000c1000000, 0x00000000c1000000|100%| O|  |TS  0|AC  0|TAMS 0x00000000c1000000, 0x00000000c1000000|
|  16|0x00000000c1000000, 0x00000000c1100000, 0x00000000c1100000|100%| O|  |TS  0|AC  0|TAMS 0x00000000c1100000, 0x00000000c1100000|
|  17|0x00000000c1100000, 0x00000000c1200000, 0x00000000c1200000|100%|HS|  |TS  0|AC  0|TAMS 0x00000000c1200000, 0x00000000c1200000|
|  18|0x00000000c1200000, 0x00000000c1300000, 0x00000000c1300000|100%| O|  |TS  0|AC  0|TAMS 0x00000000c1300000, 0x00000000c1300000|
|  19|0x00000000c1300000, 0x00000000c1400000, 0x00000000c1400000|100%| O|  |TS  0|AC  0|TAMS 0x00000000c1400000, 0x00000000c1400000|
|  20|0x00000000c1400000, 0x00000000c1500000, 0x00000000c1500000|100%| O|  |TS  0|AC  0|TAMS 0x00000000c1500000, 0x00000000c1500000|
|  21|0x00000000c1500000, 0x00000000c1600000, 0x00000000c1600000|100%| O|  |TS  0|AC  0|TAMS 0x00000000c1600000, 0x00000000c1600000|
|  22|0x00000000c1600000, 0x00000000c1700000, 0x00000000c1700000|100%| O|  |TS  0|AC  0|TAMS 0x00000000c1700000, 0x00000000c1700000|
|  23|0x00000000c1700000, 0x00000000c1800000, 0x00000000c1800000|100%| O|  |TS  0|AC  0|TAMS 0x00000000c1800000, 0x00000000c1800000|
|  24|0x00000000c1800000, 0x00000000c1900000, 0x00000000c1900000|100%| O|  |TS  0|AC  0|TAMS 0x00000000c1900000, 0x00000000c1900000|
|  25|0x00000000c1900000, 0x00000000c1a00000, 0x00000000c1a00000|100%| O|  |TS  0|AC  0|TAMS 0x00000000c1a00000, 0x00000000c1a00000|
|  26|0x00000000c1a00000, 0x00000000c1b00000, 0x00000000c1b00000|100%| O|  |TS  0|AC  0|TAMS 0x00000000c1b00000, 0x00000000c1b00000|
|  27|0x00000000c1b00000, 0x00000000c1c00000, 0x00000000c1c00000|100%| O|  |TS  0|AC  0|TAMS 0x00000000c1c00000, 0x00000000c1c00000|
|  28|0x00000000c1c00000, 0x00000000c1d00000, 0x00000000c1d00000|100%| O|  |TS  0|AC  0|TAMS 0x00000000c1d00000, 0x00000000c1d00000|
|  29|0x00000000c1d00000, 0x00000000c1e00000, 0x00000000c1e00000|100%| O|  |TS  0|AC  0|TAMS 0x00000000c1e00000, 0x00000000c1e00000|
|  30|0x00000000c1e00000, 0x00000000c1f00000, 0x00000000c1f00000|100%| O|  |TS  0|AC  0|TAMS 0x00000000c1f00000, 0x00000000c1f00000|
|  31|0x00000000c1f00000, 0x00000000c2000000, 0x00000000c2000000|100%| O|  |TS  0|AC  0|TAMS 0x00000000c2000000, 0x00000000c2000000|
|  32|0x00000000c2000000, 0x00000000c2100000, 0x00000000c2100000|100%| O|  |TS  0|AC  0|TAMS 0x00000000c2100000, 0x00000000c2100000|
|  33|0x00000000c2100000, 0x00000000c2200000, 0x00000000c2200000|100%| O|  |TS  0|AC  0|TAMS 0x00000000c2200000, 0x00000000c2200000|
|  34|0x00000000c2200000, 0x00000000c2300000, 0x00000000c2300000|100%| O|  |TS  0|AC  0|TAMS 0x00000000c2300000, 0x00000000c2300000|
|  35|0x00000000c2300000, 0x00000000c2400000, 0x00000000c2400000|100%| O|  |TS  0|AC  0|TAMS 0x00000000c2400000, 0x00000000c2400000|
|  36|0x00000000c2400000, 0x00000000c2500000, 0x00000000c2500000|100%| O|  |TS  0|AC  0|TAMS 0x00000000c2500000, 0x00000000c2500000|
|  37|0x00000000c2500000, 0x00000000c2600000, 0x00000000c2600000|100%| O|  |TS  0|AC  0|TAMS 0x00000000c2600000, 0x00000000c2600000|
|  38|0x00000000c2600000, 0x00000000c2700000, 0x00000000c2700000|100%| O|  |TS  0|AC  0|TAMS 0x00000000c2700000, 0x00000000c2700000|
|  39|0x00000000c2700000, 0x00000000c2800000, 0x00000000c2800000|100%| O|  |TS  0|AC  0|TAMS 0x00000000c2800000, 0x00000000c2800000|
|  40|0x00000000c2800000, 0x00000000c2900000, 0x00000000c2900000|100%| O|  |TS  0|AC  0|TAMS 0x00000000c2900000, 0x00000000c2900000|
|  41|0x00000000c2900000, 0x00000000c2a00000, 0x00000000c2a00000|100%| O|  |TS  0|AC  0|TAMS 0x00000000c2a00000, 0x00000000c2a00000|
|  42|0x00000000c2a00000, 0x00000000c2b00000, 0x00000000c2b00000|100%|HS|  |TS  0|AC  0|TAMS 0x00000000c2b00000, 0x00000000c2b00000|
|  43|0x00000000c2b00000, 0x00000000c2c00000, 0x00000000c2c00000|100%|HS|  |TS  0|AC  0|TAMS 0x00000000c2c00000, 0x00000000c2c00000|
|  44|0x00000000c2c00000, 0x00000000c2d00000, 0x00000000c2d00000|100%| O|  |TS  0|AC  0|TAMS 0x00000000c2d00000, 0x00000000c2d00000|
|  45|0x00000000c2d00000, 0x00000000c2e00000, 0x00000000c2e00000|100%| O|  |TS  0|AC  0|TAMS 0x00000000c2e00000, 0x00000000c2e00000|
|  46|0x00000000c2e00000, 0x00000000c2f00000, 0x00000000c2f00000|100%| O|  |TS  0|AC  0|TAMS 0x00000000c2f00000, 0x00000000c2f00000|
|  47|0x00000000c2f00000, 0x00000000c3000000, 0x00000000c3000000|100%| O|  |TS  0|AC  0|TAMS 0x00000000c3000000, 0x00000000c3000000|
|  48|0x00000000c3000000, 0x00000000c3100000, 0x00000000c3100000|100%| O|  |TS  0|AC  0|TAMS 0x00000000c3100000, 0x00000000c3100000|
|  49|0x00000000c3100000, 0x00000000c3200000, 0x00000000c3200000|100%| O|  |TS  0|AC  0|TAMS 0x00000000c3200000, 0x00000000c3200000|
|  50|0x00000000c3200000, 0x00000000c3300000, 0x00000000c3300000|100%| O|  |TS  0|AC  0|TAMS 0x00000000c3300000, 0x00000000c3300000|
|  51|0x00000000c3300000, 0x00000000c3400000, 0x00000000c3400000|100%| O|  |TS  0|AC  0|TAMS 0x00000000c3400000, 0x00000000c3400000|
|  52|0x00000000c3400000, 0x00000000c3500000, 0x00000000c3500000|100%| O|  |TS  0|AC  0|TAMS 0x00000000c3500000, 0x00000000c3500000|
|  53|0x00000000c3500000, 0x00000000c3600000, 0x00000000c3600000|100%| O|  |TS  0|AC  0|TAMS 0x00000000c3600000, 0x00000000c3600000|
|  54|0x00000000c3600000, 0x00000000c3700000, 0x00000000c3700000|100%| O|  |TS  0|AC  0|TAMS 0x00000000c3700000, 0x00000000c3700000|
|  55|0x00000000c3700000, 0x00000000c3800000, 0x00000000c3800000|100%| O|  |TS  0|AC  0|TAMS 0x00000000c3800000, 0x00000000c3800000|
|  56|0x00000000c3800000, 0x00000000c3900000, 0x00000000c3900000|100%| O|  |TS  0|AC  0|TAMS 0x00000000c3900000, 0x00000000c3900000|
|  57|0x00000000c3900000, 0x00000000c3a00000, 0x00000000c3a00000|100%| O|  |TS  0|AC  0|TAMS 0x00000000c3a00000, 0x00000000c3a00000|
|  58|0x00000000c3a00000, 0x00000000c3b00000, 0x00000000c3b00000|100%| O|  |TS  0|AC  0|TAMS 0x00000000c3b00000, 0x00000000c3b00000|
|  59|0x00000000c3b00000, 0x00000000c3c00000, 0x00000000c3c00000|100%| O|  |TS  0|AC  0|TAMS 0x00000000c3c00000, 0x00000000c3c00000|
|  60|0x00000000c3c00000, 0x00000000c3d00000, 0x00000000c3d00000|100%| O|  |TS  0|AC  0|TAMS 0x00000000c3d00000, 0x00000000c3d00000|
|  61|0x00000000c3d00000, 0x00000000c3e00000, 0x00000000c3e00000|100%| O|  |TS  0|AC  0|TAMS 0x00000000c3e00000, 0x00000000c3e00000|
|  62|0x00000000c3e00000, 0x00000000c3f00000, 0x00000000c3f00000|100%| O|  |TS  0|AC  0|TAMS 0x00000000c3f00000, 0x00000000c3f00000|
|  63|0x00000000c3f00000, 0x00000000c4000000, 0x00000000c4000000|100%| O|  |TS  0|AC  0|TAMS 0x00000000c4000000, 0x00000000c4000000|
|  64|0x00000000c4000000, 0x00000000c4100000, 0x00000000c4100000|100%| O|  |TS  0|AC  0|TAMS 0x00000000c4100000, 0x00000000c4100000|
|  65|0x00000000c4100000, 0x00000000c4200000, 0x00000000c4200000|100%| O|  |TS  0|AC  0|TAMS 0x00000000c4200000, 0x00000000c4200000|
|  66|0x00000000c4200000, 0x00000000c4300000, 0x00000000c4300000|100%| O|  |TS  1|AC  0|TAMS 0x00000000c4250800, 0x00000000c4250800|
|  67|0x00000000c4300000, 0x00000000c4400000, 0x00000000c4400000|100%| O|  |TS 13|AC  0|TAMS 0x00000000c4300000, 0x00000000c4300000|
|  68|0x00000000c4400000, 0x00000000c4500000, 0x00000000c4500000|100%| O|  |TS 13|AC  0|TAMS 0x00000000c4400000, 0x00000000c4400000|
|  69|0x00000000c4500000, 0x00000000c4600000, 0x00000000c4600000|100%| O|  |TS 13|AC  0|TAMS 0x00000000c4500000, 0x00000000c4500000|
|  70|0x00000000c4600000, 0x00000000c4700000, 0x00000000c4700000|100%| O|  |TS 13|AC  0|TAMS 0x00000000c4600000, 0x00000000c4600000|
|  71|0x00000000c4700000, 0x00000000c4800000, 0x00000000c4800000|100%| O|  |TS  1|AC  0|TAMS 0x00000000c4700000, 0x00000000c4700000|
|  72|0x00000000c4800000, 0x00000000c4900000, 0x00000000c4900000|100%| O|  |TS  1|AC  0|TAMS 0x00000000c4800000, 0x00000000c4800000|
|  73|0x00000000c4900000, 0x00000000c4a00000, 0x00000000c4a00000|100%| O|  |TS  1|AC  0|TAMS 0x00000000c4900000, 0x00000000c4900000|
|  74|0x00000000c4a00000, 0x00000000c4b00000, 0x00000000c4b00000|100%| O|  |TS  1|AC  0|TAMS 0x00000000c4a00000, 0x00000000c4a00000|
|  75|0x00000000c4b00000, 0x00000000c4c00000, 0x00000000c4c00000|100%| O|  |TS  1|AC  0|TAMS 0x00000000c4b00000, 0x00000000c4b00000|
|  76|0x00000000c4c00000, 0x00000000c4d00000, 0x00000000c4d00000|100%| O|  |TS  1|AC  0|TAMS 0x00000000c4c00000, 0x00000000c4c00000|
|  77|0x00000000c4d00000, 0x00000000c4e00000, 0x00000000c4e00000|100%| O|  |TS  1|AC  0|TAMS 0x00000000c4d00000, 0x00000000c4d00000|
|  78|0x00000000c4e00000, 0x00000000c4f00000, 0x00000000c4f00000|100%| O|  |TS  2|AC  0|TAMS 0x00000000c4e00000, 0x00000000c4e00000|
|  79|0x00000000c4f00000, 0x00000000c5000000, 0x00000000c5000000|100%| O|  |TS 13|AC  0|TAMS 0x00000000c4f00000, 0x00000000c4f00000|
|  80|0x00000000c5000000, 0x00000000c5100000, 0x00000000c5100000|100%| O|  |TS 13|AC  0|TAMS 0x00000000c5000000, 0x00000000c5000000|
|  81|0x00000000c5100000, 0x00000000c5200000, 0x00000000c5200000|100%| O|  |TS 20|AC  0|TAMS 0x00000000c5100000, 0x00000000c5100000|
|  82|0x00000000c5200000, 0x00000000c5200000, 0x00000000c5300000|  0%| F|  |TS 20|AC  0|TAMS 0x00000000c5200000, 0x00000000c5200000|
|  83|0x00000000c5300000, 0x00000000c5300000, 0x00000000c5400000|  0%| F|  |TS 20|AC  0|TAMS 0x00000000c5300000, 0x00000000c5300000|
|  84|0x00000000c5400000, 0x00000000c5400000, 0x00000000c5500000|  0%| F|  |TS 20|AC  0|TAMS 0x00000000c5400000, 0x00000000c5400000|
|  85|0x00000000c5500000, 0x00000000c5600000, 0x00000000c5600000|100%| O|  |TS 20|AC  0|TAMS 0x00000000c5500000, 0x00000000c5500000|
|  86|0x00000000c5600000, 0x00000000c5700000, 0x00000000c5700000|100%| O|  |TS 20|AC  0|TAMS 0x00000000c5600000, 0x00000000c5600000|
|  87|0x00000000c5700000, 0x00000000c5778200, 0x00000000c5800000| 46%| O|  |TS 20|AC  0|TAMS 0x00000000c5700000, 0x00000000c5700000|
|  88|0x00000000c5800000, 0x00000000c5800000, 0x00000000c5900000|  0%| F|  |TS 18|AC  0|TAMS 0x00000000c5800000, 0x00000000c5800000|
|  89|0x00000000c5900000, 0x00000000c5900000, 0x00000000c5a00000|  0%| F|  |TS 18|AC  0|TAMS 0x00000000c5900000, 0x00000000c5900000|
|  90|0x00000000c5a00000, 0x00000000c5a00000, 0x00000000c5b00000|  0%| F|  |TS 18|AC  0|TAMS 0x00000000c5a00000, 0x00000000c5a00000|
|  91|0x00000000c5b00000, 0x00000000c5b00000, 0x00000000c5c00000|  0%| F|  |TS 18|AC  0|TAMS 0x00000000c5b00000, 0x00000000c5b00000|
|  92|0x00000000c5c00000, 0x00000000c5c00000, 0x00000000c5d00000|  0%| F|  |TS 18|AC  0|TAMS 0x00000000c5c00000, 0x00000000c5c00000|
|  93|0x00000000c5d00000, 0x00000000c5d00000, 0x00000000c5e00000|  0%| F|  |TS 18|AC  0|TAMS 0x00000000c5d00000, 0x00000000c5d00000|
|  94|0x00000000c5e00000, 0x00000000c5e00000, 0x00000000c5f00000|  0%| F|  |TS 18|AC  0|TAMS 0x00000000c5e00000, 0x00000000c5e00000|
|  95|0x00000000c5f00000, 0x00000000c5f00000, 0x00000000c6000000|  0%| F|  |TS 18|AC  0|TAMS 0x00000000c5f00000, 0x00000000c5f00000|
|  96|0x00000000c6000000, 0x00000000c6000000, 0x00000000c6100000|  0%| F|  |TS 18|AC  0|TAMS 0x00000000c6000000, 0x00000000c6000000|
|  97|0x00000000c6100000, 0x00000000c6100000, 0x00000000c6200000|  0%| F|  |TS 18|AC  0|TAMS 0x00000000c6100000, 0x00000000c6100000|
|  98|0x00000000c6200000, 0x00000000c6200000, 0x00000000c6300000|  0%| F|  |TS 11|AC  0|TAMS 0x00000000c6200000, 0x00000000c6200000|
|  99|0x00000000c6300000, 0x00000000c6300000, 0x00000000c6400000|  0%| F|  |TS  2|AC  0|TAMS 0x00000000c6300000, 0x00000000c6300000|
| 100|0x00000000c6400000, 0x00000000c6400000, 0x00000000c6500000|  0%| F|  |TS  2|AC  0|TAMS 0x00000000c6400000, 0x00000000c6400000|
| 101|0x00000000c6500000, 0x00000000c6500000, 0x00000000c6600000|  0%| F|  |TS  2|AC  0|TAMS 0x00000000c6500000, 0x00000000c6500000|
| 102|0x00000000c6600000, 0x00000000c6600000, 0x00000000c6700000|  0%| F|  |TS  2|AC  0|TAMS 0x00000000c6600000, 0x00000000c6600000|
| 103|0x00000000c6700000, 0x00000000c6800000, 0x00000000c6800000|100%| O|  |TS  2|AC  0|TAMS 0x00000000c6700000, 0x00000000c6700000|
| 104|0x00000000c6800000, 0x00000000c6900000, 0x00000000c6900000|100%| O|  |TS  2|AC  0|TAMS 0x00000000c6800000, 0x00000000c6800000|
| 105|0x00000000c6900000, 0x00000000c6a00000, 0x00000000c6a00000|100%| O|  |TS  2|AC  0|TAMS 0x00000000c6900000, 0x00000000c6900000|
| 106|0x00000000c6a00000, 0x00000000c6b00000, 0x00000000c6b00000|100%| O|  |TS  2|AC  0|TAMS 0x00000000c6a00000, 0x00000000c6a00000|
| 107|0x00000000c6b00000, 0x00000000c6c00000, 0x00000000c6c00000|100%| O|  |TS  2|AC  0|TAMS 0x00000000c6b00000, 0x00000000c6b00000|
| 108|0x00000000c6c00000, 0x00000000c6d00000, 0x00000000c6d00000|100%| O|  |TS  2|AC  0|TAMS 0x00000000c6c00000, 0x00000000c6c00000|
| 109|0x00000000c6d00000, 0x00000000c6e00000, 0x00000000c6e00000|100%| O|  |TS  2|AC  0|TAMS 0x00000000c6d00000, 0x00000000c6d00000|
| 110|0x00000000c6e00000, 0x00000000c6f00000, 0x00000000c6f00000|100%| O|  |TS  2|AC  0|TAMS 0x00000000c6e00000, 0x00000000c6e00000|
| 111|0x00000000c6f00000, 0x00000000c7000000, 0x00000000c7000000|100%| O|  |TS  9|AC  0|TAMS 0x00000000c6f00000, 0x00000000c6f00000|
| 112|0x00000000c7000000, 0x00000000c7000000, 0x00000000c7100000|  0%| F|  |TS  1|AC  0|TAMS 0x00000000c7000000, 0x00000000c7000000|
| 113|0x00000000c7100000, 0x00000000c7100000, 0x00000000c7200000|  0%| F|  |TS  1|AC  0|TAMS 0x00000000c7100000, 0x00000000c7100000|
| 114|0x00000000c7200000, 0x00000000c7200000, 0x00000000c7300000|  0%| F|  |TS  1|AC  0|TAMS 0x00000000c7200000, 0x00000000c7200000|
| 115|0x00000000c7300000, 0x00000000c7300000, 0x00000000c7400000|  0%| F|  |TS 13|AC  0|TAMS 0x00000000c7300000, 0x00000000c7300000|
| 116|0x00000000c7400000, 0x00000000c7400000, 0x00000000c7500000|  0%| F|  |TS 20|AC  0|TAMS 0x00000000c7400000, 0x00000000c7400000|
| 117|0x00000000c7500000, 0x00000000c7500000, 0x00000000c7600000|  0%| F|  |TS 20|AC  0|TAMS 0x00000000c7500000, 0x00000000c7500000|
| 118|0x00000000c7600000, 0x00000000c7600000, 0x00000000c7700000|  0%| F|  |TS 20|AC  0|TAMS 0x00000000c7600000, 0x00000000c7600000|
| 119|0x00000000c7700000, 0x00000000c7700000, 0x00000000c7800000|  0%| F|  |TS 20|AC  0|TAMS 0x00000000c7700000, 0x00000000c7700000|
| 120|0x00000000c7800000, 0x00000000c7800000, 0x00000000c7900000|  0%| F|  |TS 20|AC  0|TAMS 0x00000000c7800000, 0x00000000c7800000|
| 121|0x00000000c7900000, 0x00000000c7900000, 0x00000000c7a00000|  0%| F|  |TS 19|AC  0|TAMS 0x00000000c7900000, 0x00000000c7900000|
| 122|0x00000000c7a00000, 0x00000000c7a00000, 0x00000000c7b00000|  0%| F|  |TS 19|AC  0|TAMS 0x00000000c7a00000, 0x00000000c7a00000|
| 123|0x00000000c7b00000, 0x00000000c7b00000, 0x00000000c7c00000|  0%| F|  |TS 19|AC  0|TAMS 0x00000000c7b00000, 0x00000000c7b00000|
| 124|0x00000000c7c00000, 0x00000000c7c00000, 0x00000000c7d00000|  0%| F|  |TS 19|AC  0|TAMS 0x00000000c7c00000, 0x00000000c7c00000|
| 125|0x00000000c7d00000, 0x00000000c7d00000, 0x00000000c7e00000|  0%| F|  |TS 19|AC  0|TAMS 0x00000000c7d00000, 0x00000000c7d00000|
| 126|0x00000000c7e00000, 0x00000000c7e00000, 0x00000000c7f00000|  0%| F|  |TS 19|AC  0|TAMS 0x00000000c7e00000, 0x00000000c7e00000|
| 127|0x00000000c7f00000, 0x00000000c7f00000, 0x00000000c8000000|  0%| F|  |TS 19|AC  0|TAMS 0x00000000c7f00000, 0x00000000c7f00000|
| 128|0x00000000c8000000, 0x00000000c8000000, 0x00000000c8100000|  0%| F|  |TS 20|AC  0|TAMS 0x00000000c8000000, 0x00000000c8000000|
| 129|0x00000000c8100000, 0x00000000c8100000, 0x00000000c8200000|  0%| F|  |TS 20|AC  0|TAMS 0x00000000c8100000, 0x00000000c8100000|
| 130|0x00000000c8200000, 0x00000000c8200000, 0x00000000c8300000|  0%| F|  |TS 20|AC  0|TAMS 0x00000000c8200000, 0x00000000c8200000|
| 131|0x00000000c8300000, 0x00000000c8300000, 0x00000000c8400000|  0%| F|  |TS 20|AC  0|TAMS 0x00000000c8300000, 0x00000000c8300000|
| 132|0x00000000c8400000, 0x00000000c8400000, 0x00000000c8500000|  0%| F|  |TS 20|AC  0|TAMS 0x00000000c8400000, 0x00000000c8400000|
| 133|0x00000000c8500000, 0x00000000c8500000, 0x00000000c8600000|  0%| F|  |TS 20|AC  0|TAMS 0x00000000c8500000, 0x00000000c8500000|
| 134|0x00000000c8600000, 0x00000000c8600000, 0x00000000c8700000|  0%| F|  |TS 20|AC  0|TAMS 0x00000000c8600000, 0x00000000c8600000|
| 135|0x00000000c8700000, 0x00000000c8700000, 0x00000000c8800000|  0%| F|  |TS 19|AC  0|TAMS 0x00000000c8700000, 0x00000000c8700000|
| 136|0x00000000c8800000, 0x00000000c8800000, 0x00000000c8900000|  0%| F|  |TS 19|AC  0|TAMS 0x00000000c8800000, 0x00000000c8800000|
| 137|0x00000000c8900000, 0x00000000c89ef920, 0x00000000c8a00000| 93%| S|CS|TS 20|AC  0|TAMS 0x00000000c8900000, 0x00000000c8900000|
| 138|0x00000000c8a00000, 0x00000000c8b00000, 0x00000000c8b00000|100%| S|CS|TS 20|AC  0|TAMS 0x00000000c8a00000, 0x00000000c8a00000|
| 139|0x00000000c8b00000, 0x00000000c8c00000, 0x00000000c8c00000|100%| S|CS|TS 20|AC  0|TAMS 0x00000000c8b00000, 0x00000000c8b00000|
| 140|0x00000000c8c00000, 0x00000000c8d00000, 0x00000000c8d00000|100%| S|CS|TS 20|AC  0|TAMS 0x00000000c8c00000, 0x00000000c8c00000|
| 141|0x00000000c8d00000, 0x00000000c8e00000, 0x00000000c8e00000|100%| S|CS|TS 20|AC  0|TAMS 0x00000000c8d00000, 0x00000000c8d00000|
| 142|0x00000000c8e00000, 0x00000000c8e00000, 0x00000000c8f00000|  0%| F|  |TS 20|AC  0|TAMS 0x00000000c8e00000, 0x00000000c8e00000|
| 143|0x00000000c8f00000, 0x00000000c8f703a0, 0x00000000c9000000| 43%| E|  |TS 20|AC  0|TAMS 0x00000000c8f00000, 0x00000000c8f00000|
| 144|0x00000000c9000000, 0x00000000c9100000, 0x00000000c9100000|100%| E|CS|TS 20|AC  0|TAMS 0x00000000c9000000, 0x00000000c9000000|
| 145|0x00000000c9100000, 0x00000000c9200000, 0x00000000c9200000|100%| E|CS|TS 20|AC  0|TAMS 0x00000000c9100000, 0x00000000c9100000|
| 146|0x00000000c9200000, 0x00000000c9300000, 0x00000000c9300000|100%| E|CS|TS 20|AC  0|TAMS 0x00000000c9200000, 0x00000000c9200000|
| 147|0x00000000c9300000, 0x00000000c9400000, 0x00000000c9400000|100%| E|CS|TS 20|AC  0|TAMS 0x00000000c9300000, 0x00000000c9300000|
| 148|0x00000000c9400000, 0x00000000c9500000, 0x00000000c9500000|100%| E|CS|TS 20|AC  0|TAMS 0x00000000c9400000, 0x00000000c9400000|
| 149|0x00000000c9500000, 0x00000000c9600000, 0x00000000c9600000|100%| E|CS|TS 20|AC  0|TAMS 0x00000000c9500000, 0x00000000c9500000|
| 150|0x00000000c9600000, 0x00000000c9700000, 0x00000000c9700000|100%| E|CS|TS 20|AC  0|TAMS 0x00000000c9600000, 0x00000000c9600000|
| 151|0x00000000c9700000, 0x00000000c9800000, 0x00000000c9800000|100%| E|CS|TS 20|AC  0|TAMS 0x00000000c9700000, 0x00000000c9700000|
| 152|0x00000000c9800000, 0x00000000c9900000, 0x00000000c9900000|100%| E|CS|TS 20|AC  0|TAMS 0x00000000c9800000, 0x00000000c9800000|
| 153|0x00000000c9900000, 0x00000000c9a00000, 0x00000000c9a00000|100%| E|CS|TS 20|AC  0|TAMS 0x00000000c9900000, 0x00000000c9900000|
| 154|0x00000000c9a00000, 0x00000000c9b00000, 0x00000000c9b00000|100%| E|CS|TS 20|AC  0|TAMS 0x00000000c9a00000, 0x00000000c9a00000|
| 155|0x00000000c9b00000, 0x00000000c9c00000, 0x00000000c9c00000|100%| E|CS|TS 20|AC  0|TAMS 0x00000000c9b00000, 0x00000000c9b00000|
| 156|0x00000000c9c00000, 0x00000000c9d00000, 0x00000000c9d00000|100%| E|CS|TS 20|AC  0|TAMS 0x00000000c9c00000, 0x00000000c9c00000|
| 157|0x00000000c9d00000, 0x00000000c9e00000, 0x00000000c9e00000|100%| E|CS|TS 20|AC  0|TAMS 0x00000000c9d00000, 0x00000000c9d00000|
| 158|0x00000000c9e00000, 0x00000000c9f00000, 0x00000000c9f00000|100%| E|CS|TS 20|AC  0|TAMS 0x00000000c9e00000, 0x00000000c9e00000|
| 159|0x00000000c9f00000, 0x00000000ca000000, 0x00000000ca000000|100%| E|CS|TS 20|AC  0|TAMS 0x00000000c9f00000, 0x00000000c9f00000|
| 160|0x00000000ca000000, 0x00000000ca100000, 0x00000000ca100000|100%| E|CS|TS 20|AC  0|TAMS 0x00000000ca000000, 0x00000000ca000000|
| 161|0x00000000ca100000, 0x00000000ca200000, 0x00000000ca200000|100%| E|CS|TS 20|AC  0|TAMS 0x00000000ca100000, 0x00000000ca100000|
| 162|0x00000000ca200000, 0x00000000ca300000, 0x00000000ca300000|100%| E|CS|TS 20|AC  0|TAMS 0x00000000ca200000, 0x00000000ca200000|
| 163|0x00000000ca300000, 0x00000000ca400000, 0x00000000ca400000|100%| E|CS|TS 20|AC  0|TAMS 0x00000000ca300000, 0x00000000ca300000|
| 164|0x00000000ca400000, 0x00000000ca500000, 0x00000000ca500000|100%| E|CS|TS 20|AC  0|TAMS 0x00000000ca400000, 0x00000000ca400000|
| 165|0x00000000ca500000, 0x00000000ca600000, 0x00000000ca600000|100%| E|CS|TS 20|AC  0|TAMS 0x00000000ca500000, 0x00000000ca500000|
| 166|0x00000000ca600000, 0x00000000ca700000, 0x00000000ca700000|100%| E|CS|TS 20|AC  0|TAMS 0x00000000ca600000, 0x00000000ca600000|
| 167|0x00000000ca700000, 0x00000000ca800000, 0x00000000ca800000|100%| E|CS|TS 20|AC  0|TAMS 0x00000000ca700000, 0x00000000ca700000|
| 168|0x00000000ca800000, 0x00000000ca900000, 0x00000000ca900000|100%| E|CS|TS 20|AC  0|TAMS 0x00000000ca800000, 0x00000000ca800000|
| 169|0x00000000ca900000, 0x00000000caa00000, 0x00000000caa00000|100%| E|CS|TS 20|AC  0|TAMS 0x00000000ca900000, 0x00000000ca900000|
| 170|0x00000000caa00000, 0x00000000cab00000, 0x00000000cab00000|100%| E|CS|TS 20|AC  0|TAMS 0x00000000caa00000, 0x00000000caa00000|
| 171|0x00000000cab00000, 0x00000000cac00000, 0x00000000cac00000|100%| E|CS|TS 20|AC  0|TAMS 0x00000000cab00000, 0x00000000cab00000|
| 172|0x00000000cac00000, 0x00000000cad00000, 0x00000000cad00000|100%| E|CS|TS 20|AC  0|TAMS 0x00000000cac00000, 0x00000000cac00000|
| 173|0x00000000cad00000, 0x00000000cae00000, 0x00000000cae00000|100%| E|CS|TS 20|AC  0|TAMS 0x00000000cad00000, 0x00000000cad00000|
| 174|0x00000000cae00000, 0x00000000caf00000, 0x00000000caf00000|100%| E|CS|TS 20|AC  0|TAMS 0x00000000cae00000, 0x00000000cae00000|
| 175|0x00000000caf00000, 0x00000000cb000000, 0x00000000cb000000|100%| E|CS|TS 20|AC  0|TAMS 0x00000000caf00000, 0x00000000caf00000|
| 176|0x00000000cb000000, 0x00000000cb100000, 0x00000000cb100000|100%| E|CS|TS 20|AC  0|TAMS 0x00000000cb000000, 0x00000000cb000000|
| 177|0x00000000cb100000, 0x00000000cb200000, 0x00000000cb200000|100%| E|CS|TS 20|AC  0|TAMS 0x00000000cb100000, 0x00000000cb100000|
| 178|0x00000000cb200000, 0x00000000cb300000, 0x00000000cb300000|100%| E|CS|TS 20|AC  0|TAMS 0x00000000cb200000, 0x00000000cb200000|
| 179|0x00000000cb300000, 0x00000000cb400000, 0x00000000cb400000|100%| E|CS|TS 20|AC  0|TAMS 0x00000000cb300000, 0x00000000cb300000|
| 180|0x00000000cb400000, 0x00000000cb500000, 0x00000000cb500000|100%| E|CS|TS 20|AC  0|TAMS 0x00000000cb400000, 0x00000000cb400000|
| 181|0x00000000cb500000, 0x00000000cb600000, 0x00000000cb600000|100%| E|CS|TS 20|AC  0|TAMS 0x00000000cb500000, 0x00000000cb500000|
| 182|0x00000000cb600000, 0x00000000cb700000, 0x00000000cb700000|100%| E|CS|TS 20|AC  0|TAMS 0x00000000cb600000, 0x00000000cb600000|
| 183|0x00000000cb700000, 0x00000000cb800000, 0x00000000cb800000|100%| E|CS|TS 20|AC  0|TAMS 0x00000000cb700000, 0x00000000cb700000|
| 184|0x00000000cb800000, 0x00000000cb900000, 0x00000000cb900000|100%| E|CS|TS 20|AC  0|TAMS 0x00000000cb800000, 0x00000000cb800000|
| 185|0x00000000cb900000, 0x00000000cba00000, 0x00000000cba00000|100%| E|CS|TS 20|AC  0|TAMS 0x00000000cb900000, 0x00000000cb900000|
| 186|0x00000000cba00000, 0x00000000cbb00000, 0x00000000cbb00000|100%| E|CS|TS 20|AC  0|TAMS 0x00000000cba00000, 0x00000000cba00000|
| 187|0x00000000cbb00000, 0x00000000cbc00000, 0x00000000cbc00000|100%| E|CS|TS 20|AC  0|TAMS 0x00000000cbb00000, 0x00000000cbb00000|
| 188|0x00000000cbc00000, 0x00000000cbd00000, 0x00000000cbd00000|100%| E|CS|TS 20|AC  0|TAMS 0x00000000cbc00000, 0x00000000cbc00000|
| 189|0x00000000cbd00000, 0x00000000cbe00000, 0x00000000cbe00000|100%| E|CS|TS 20|AC  0|TAMS 0x00000000cbd00000, 0x00000000cbd00000|
| 190|0x00000000cbe00000, 0x00000000cbf00000, 0x00000000cbf00000|100%| E|CS|TS 20|AC  0|TAMS 0x00000000cbe00000, 0x00000000cbe00000|
| 191|0x00000000cbf00000, 0x00000000cc000000, 0x00000000cc000000|100%| E|CS|TS 20|AC  0|TAMS 0x00000000cbf00000, 0x00000000cbf00000|
| 192|0x00000000cc000000, 0x00000000cc100000, 0x00000000cc100000|100%| E|CS|TS 20|AC  0|TAMS 0x00000000cc000000, 0x00000000cc000000|
| 193|0x00000000cc100000, 0x00000000cc200000, 0x00000000cc200000|100%| E|CS|TS 20|AC  0|TAMS 0x00000000cc100000, 0x00000000cc100000|
| 194|0x00000000cc200000, 0x00000000cc300000, 0x00000000cc300000|100%| E|CS|TS 20|AC  0|TAMS 0x00000000cc200000, 0x00000000cc200000|
| 195|0x00000000cc300000, 0x00000000cc400000, 0x00000000cc400000|100%| E|CS|TS 20|AC  0|TAMS 0x00000000cc300000, 0x00000000cc300000|
| 196|0x00000000cc400000, 0x00000000cc500000, 0x00000000cc500000|100%| E|CS|TS 20|AC  0|TAMS 0x00000000cc400000, 0x00000000cc400000|
| 197|0x00000000cc500000, 0x00000000cc600000, 0x00000000cc600000|100%| E|CS|TS 20|AC  0|TAMS 0x00000000cc500000, 0x00000000cc500000|
| 198|0x00000000cc600000, 0x00000000cc700000, 0x00000000cc700000|100%| E|CS|TS 20|AC  0|TAMS 0x00000000cc600000, 0x00000000cc600000|
| 199|0x00000000cc700000, 0x00000000cc800000, 0x00000000cc800000|100%| E|CS|TS 20|AC  0|TAMS 0x00000000cc700000, 0x00000000cc700000|
| 200|0x00000000cc800000, 0x00000000cc900000, 0x00000000cc900000|100%| E|CS|TS 20|AC  0|TAMS 0x00000000cc800000, 0x00000000cc800000|
| 201|0x00000000cc900000, 0x00000000cca00000, 0x00000000cca00000|100%| E|CS|TS 20|AC  0|TAMS 0x00000000cc900000, 0x00000000cc900000|
| 202|0x00000000cca00000, 0x00000000ccb00000, 0x00000000ccb00000|100%| E|CS|TS 20|AC  0|TAMS 0x00000000cca00000, 0x00000000cca00000|
| 203|0x00000000ccb00000, 0x00000000ccc00000, 0x00000000ccc00000|100%| E|CS|TS 20|AC  0|TAMS 0x00000000ccb00000, 0x00000000ccb00000|
| 204|0x00000000ccc00000, 0x00000000ccd00000, 0x00000000ccd00000|100%| E|CS|TS 20|AC  0|TAMS 0x00000000ccc00000, 0x00000000ccc00000|
| 205|0x00000000ccd00000, 0x00000000cce00000, 0x00000000cce00000|100%| E|CS|TS 20|AC  0|TAMS 0x00000000ccd00000, 0x00000000ccd00000|
| 206|0x00000000cce00000, 0x00000000ccf00000, 0x00000000ccf00000|100%| E|CS|TS 20|AC  0|TAMS 0x00000000cce00000, 0x00000000cce00000|
| 207|0x00000000ccf00000, 0x00000000cd000000, 0x00000000cd000000|100%| E|CS|TS 20|AC  0|TAMS 0x00000000ccf00000, 0x00000000ccf00000|
| 208|0x00000000cd000000, 0x00000000cd100000, 0x00000000cd100000|100%| E|CS|TS 20|AC  0|TAMS 0x00000000cd000000, 0x00000000cd000000|
| 209|0x00000000cd100000, 0x00000000cd200000, 0x00000000cd200000|100%| E|CS|TS 20|AC  0|TAMS 0x00000000cd100000, 0x00000000cd100000|
| 210|0x00000000cd200000, 0x00000000cd300000, 0x00000000cd300000|100%| E|CS|TS 20|AC  0|TAMS 0x00000000cd200000, 0x00000000cd200000|
| 211|0x00000000cd300000, 0x00000000cd400000, 0x00000000cd400000|100%| E|CS|TS 20|AC  0|TAMS 0x00000000cd300000, 0x00000000cd300000|
| 212|0x00000000cd400000, 0x00000000cd500000, 0x00000000cd500000|100%| E|CS|TS 20|AC  0|TAMS 0x00000000cd400000, 0x00000000cd400000|
| 213|0x00000000cd500000, 0x00000000cd600000, 0x00000000cd600000|100%| E|CS|TS 20|AC  0|TAMS 0x00000000cd500000, 0x00000000cd500000|
| 214|0x00000000cd600000, 0x00000000cd700000, 0x00000000cd700000|100%| E|CS|TS 20|AC  0|TAMS 0x00000000cd600000, 0x00000000cd600000|
| 215|0x00000000cd700000, 0x00000000cd800000, 0x00000000cd800000|100%| E|CS|TS 20|AC  0|TAMS 0x00000000cd700000, 0x00000000cd700000|
| 216|0x00000000cd800000, 0x00000000cd900000, 0x00000000cd900000|100%| E|CS|TS 20|AC  0|TAMS 0x00000000cd800000, 0x00000000cd800000|
| 217|0x00000000cd900000, 0x00000000cda00000, 0x00000000cda00000|100%| E|CS|TS 20|AC  0|TAMS 0x00000000cd900000, 0x00000000cd900000|
| 218|0x00000000cda00000, 0x00000000cdb00000, 0x00000000cdb00000|100%| E|CS|TS 20|AC  0|TAMS 0x00000000cda00000, 0x00000000cda00000|
| 219|0x00000000cdb00000, 0x00000000cdc00000, 0x00000000cdc00000|100%| E|CS|TS 20|AC  0|TAMS 0x00000000cdb00000, 0x00000000cdb00000|
| 220|0x00000000cdc00000, 0x00000000cdd00000, 0x00000000cdd00000|100%| E|CS|TS 20|AC  0|TAMS 0x00000000cdc00000, 0x00000000cdc00000|
| 221|0x00000000cdd00000, 0x00000000cde00000, 0x00000000cde00000|100%| E|CS|TS 20|AC  0|TAMS 0x00000000cdd00000, 0x00000000cdd00000|
| 222|0x00000000cde00000, 0x00000000cdf00000, 0x00000000cdf00000|100%| E|CS|TS 20|AC  0|TAMS 0x00000000cde00000, 0x00000000cde00000|
| 223|0x00000000cdf00000, 0x00000000ce000000, 0x00000000ce000000|100%| E|CS|TS 20|AC  0|TAMS 0x00000000cdf00000, 0x00000000cdf00000|
| 224|0x00000000ce000000, 0x00000000ce100000, 0x00000000ce100000|100%| E|CS|TS 20|AC  0|TAMS 0x00000000ce000000, 0x00000000ce000000|
| 225|0x00000000ce100000, 0x00000000ce200000, 0x00000000ce200000|100%| E|CS|TS 20|AC  0|TAMS 0x00000000ce100000, 0x00000000ce100000|
| 226|0x00000000ce200000, 0x00000000ce300000, 0x00000000ce300000|100%| E|CS|TS 20|AC  0|TAMS 0x00000000ce200000, 0x00000000ce200000|
| 227|0x00000000ce300000, 0x00000000ce400000, 0x00000000ce400000|100%| E|CS|TS 20|AC  0|TAMS 0x00000000ce300000, 0x00000000ce300000|
| 228|0x00000000ce400000, 0x00000000ce500000, 0x00000000ce500000|100%| E|CS|TS 20|AC  0|TAMS 0x00000000ce400000, 0x00000000ce400000|
| 229|0x00000000ce500000, 0x00000000ce600000, 0x00000000ce600000|100%| E|CS|TS 20|AC  0|TAMS 0x00000000ce500000, 0x00000000ce500000|
| 230|0x00000000ce600000, 0x00000000ce700000, 0x00000000ce700000|100%| E|CS|TS 20|AC  0|TAMS 0x00000000ce600000, 0x00000000ce600000|
| 231|0x00000000ce700000, 0x00000000ce800000, 0x00000000ce800000|100%| E|CS|TS 20|AC  0|TAMS 0x00000000ce700000, 0x00000000ce700000|
| 232|0x00000000ce800000, 0x00000000ce900000, 0x00000000ce900000|100%| E|CS|TS 20|AC  0|TAMS 0x00000000ce800000, 0x00000000ce800000|
| 233|0x00000000ce900000, 0x00000000cea00000, 0x00000000cea00000|100%| E|CS|TS 20|AC  0|TAMS 0x00000000ce900000, 0x00000000ce900000|
| 234|0x00000000cea00000, 0x00000000ceb00000, 0x00000000ceb00000|100%| E|CS|TS 20|AC  0|TAMS 0x00000000cea00000, 0x00000000cea00000|
| 235|0x00000000ceb00000, 0x00000000cec00000, 0x00000000cec00000|100%| E|CS|TS 20|AC  0|TAMS 0x00000000ceb00000, 0x00000000ceb00000|
| 236|0x00000000cec00000, 0x00000000ced00000, 0x00000000ced00000|100%| E|CS|TS 20|AC  0|TAMS 0x00000000cec00000, 0x00000000cec00000|
| 237|0x00000000ced00000, 0x00000000cee00000, 0x00000000cee00000|100%| E|CS|TS 20|AC  0|TAMS 0x00000000ced00000, 0x00000000ced00000|
| 238|0x00000000cee00000, 0x00000000cef00000, 0x00000000cef00000|100%| E|CS|TS 20|AC  0|TAMS 0x00000000cee00000, 0x00000000cee00000|
| 239|0x00000000cef00000, 0x00000000cf000000, 0x00000000cf000000|100%| E|CS|TS 20|AC  0|TAMS 0x00000000cef00000, 0x00000000cef00000|
| 240|0x00000000cf000000, 0x00000000cf100000, 0x00000000cf100000|100%| E|CS|TS 20|AC  0|TAMS 0x00000000cf000000, 0x00000000cf000000|
| 241|0x00000000cf100000, 0x00000000cf200000, 0x00000000cf200000|100%| E|CS|TS 20|AC  0|TAMS 0x00000000cf100000, 0x00000000cf100000|
| 242|0x00000000cf200000, 0x00000000cf300000, 0x00000000cf300000|100%| E|CS|TS 20|AC  0|TAMS 0x00000000cf200000, 0x00000000cf200000|
| 243|0x00000000cf300000, 0x00000000cf400000, 0x00000000cf400000|100%| E|CS|TS 20|AC  0|TAMS 0x00000000cf300000, 0x00000000cf300000|
| 244|0x00000000cf400000, 0x00000000cf500000, 0x00000000cf500000|100%| E|CS|TS 20|AC  0|TAMS 0x00000000cf400000, 0x00000000cf400000|
| 245|0x00000000cf500000, 0x00000000cf600000, 0x00000000cf600000|100%| E|CS|TS 20|AC  0|TAMS 0x00000000cf500000, 0x00000000cf500000|
| 246|0x00000000cf600000, 0x00000000cf700000, 0x00000000cf700000|100%| E|CS|TS 20|AC  0|TAMS 0x00000000cf600000, 0x00000000cf600000|
| 247|0x00000000cf700000, 0x00000000cf800000, 0x00000000cf800000|100%| E|CS|TS 20|AC  0|TAMS 0x00000000cf700000, 0x00000000cf700000|
| 248|0x00000000cf800000, 0x00000000cf900000, 0x00000000cf900000|100%| E|CS|TS 20|AC  0|TAMS 0x00000000cf800000, 0x00000000cf800000|
| 249|0x00000000cf900000, 0x00000000cfa00000, 0x00000000cfa00000|100%| E|CS|TS 20|AC  0|TAMS 0x00000000cf900000, 0x00000000cf900000|
| 250|0x00000000cfa00000, 0x00000000cfb00000, 0x00000000cfb00000|100%| E|CS|TS 20|AC  0|TAMS 0x00000000cfa00000, 0x00000000cfa00000|
| 251|0x00000000cfb00000, 0x00000000cfc00000, 0x00000000cfc00000|100%| E|CS|TS 20|AC  0|TAMS 0x00000000cfb00000, 0x00000000cfb00000|
| 252|0x00000000cfc00000, 0x00000000cfd00000, 0x00000000cfd00000|100%| E|CS|TS 20|AC  0|TAMS 0x00000000cfc00000, 0x00000000cfc00000|
| 253|0x00000000cfd00000, 0x00000000cfe00000, 0x00000000cfe00000|100%| E|CS|TS 20|AC  0|TAMS 0x00000000cfd00000, 0x00000000cfd00000|
| 254|0x00000000cfe00000, 0x00000000cff00000, 0x00000000cff00000|100%| E|CS|TS 20|AC  0|TAMS 0x00000000cfe00000, 0x00000000cfe00000|
| 255|0x00000000cff00000, 0x00000000d0000000, 0x00000000d0000000|100%| E|CS|TS 20|AC  0|TAMS 0x00000000cff00000, 0x00000000cff00000|

Card table byte_map: [0x0000016d7c310000,0x0000016d7c510000] byte_map_base: 0x0000016d7bd10000

Marking Bits (Prev, Next): (CMBitMap*) 0x0000016d70abd140, (CMBitMap*) 0x0000016d70abd178
 Prev Bits: [0x0000016d7c710000, 0x0000016d7d710000)
 Next Bits: [0x0000016d7d710000, 0x0000016d7e710000)

Polling page: 0x0000016d6ea10000

CodeHeap 'non-profiled nmethods': size=120000Kb used=15533Kb max_used=15533Kb free=104466Kb
 bounds [0x0000016d07ad0000, 0x0000016d08a00000, 0x0000016d0f000000]
CodeHeap 'profiled nmethods': size=120000Kb used=34815Kb max_used=37041Kb free=85184Kb
 bounds [0x0000016d005a0000, 0x0000016d02a00000, 0x0000016d07ad0000]
CodeHeap 'non-nmethods': size=5760Kb used=1301Kb max_used=1366Kb free=4459Kb
 bounds [0x0000016d00000000, 0x0000016d00270000, 0x0000016d005a0000]
 total_blobs=25210 nmethods=14252 adapters=597
 compilation: enabled

Compilation events (10 events):
Event: 66009.666 Thread 0x0000016d7f9ff800 nmethod 18116 0x0000016d01b78310 code [0x0000016d01b78600, 0x0000016d01b79ba0]
Event: 66009.666 Thread 0x0000016d7f9ff800 18117       3       org.eclipse.jdt.internal.core.SearchableEnvironmentRequestor::acceptPackageFragment (19 bytes)
Event: 66009.666 Thread 0x0000016d7f9ff800 nmethod 18117 0x0000016d0148c090 code [0x0000016d0148c2c0, 0x0000016d0148caa0]
Event: 66009.666 Thread 0x0000016d7f9ff800 18118       3       org.eclipse.jdt.internal.codeassist.CompletionEngine::acceptPackage (296 bytes)
Event: 66009.668 Thread 0x0000016d7f9ff800 nmethod 18118 0x0000016d01b76110 code [0x0000016d01b764c0, 0x0000016d01b77c20]
Event: 66009.668 Thread 0x0000016d7f9ff000 18119       4       org.eclipse.jdt.internal.compiler.util.SimpleSetOfCharArray::includes (54 bytes)
Event: 66009.674 Thread 0x0000016d7f9ff000 nmethod 18119 0x0000016d089fdc90 code [0x0000016d089fde40, 0x0000016d089fe1d8]
Event: 66009.688 Thread 0x0000016d7f9ff800 18120       3       org.eclipse.jdt.ls.core.internal.contentassist.CompletionProposalDescriptionProvider::createPackageProposalLabel (48 bytes)
Event: 66009.688 Thread 0x0000016d7f9ff800 nmethod 18120 0x0000016d015f7890 code [0x0000016d015f7b60, 0x0000016d015f8780]
Event: 66009.779 Thread 0x0000016d7f9fc000 18121       4       org.eclipse.jdt.internal.compiler.ast.TypeReference::<init> (10 bytes)

GC Heap History (10 events):
Event: 59800.055 GC heap before
{Heap before GC invocations=37 (full 0):
 garbage-first heap   total 262144K, used 220624K [0x00000000c0000000, 0x0000000100000000)
  region size 1024K, 126 young (129024K), 6 survivors (6144K)
 Metaspace       used 73883K, capacity 76691K, committed 76884K, reserved 1118208K
  class space    used 6442K, capacity 7463K, committed 7552K, reserved 1048576K
}
Event: 59800.060 GC heap after
{Heap after GC invocations=38 (full 0):
 garbage-first heap   total 262144K, used 99224K [0x00000000c0000000, 0x0000000100000000)
  region size 1024K, 7 young (7168K), 7 survivors (7168K)
 Metaspace       used 73883K, capacity 76691K, committed 76884K, reserved 1118208K
  class space    used 6442K, capacity 7463K, committed 7552K, reserved 1048576K
}
Event: 59964.064 GC heap before
{Heap before GC invocations=38 (full 0):
 garbage-first heap   total 262144K, used 222104K [0x00000000c0000000, 0x0000000100000000)
  region size 1024K, 127 young (130048K), 7 survivors (7168K)
 Metaspace       used 73952K, capacity 76825K, committed 77140K, reserved 1118208K
  class space    used 6443K, capacity 7464K, committed 7552K, reserved 1048576K
}
Event: 59964.069 GC heap after
{Heap after GC invocations=39 (full 0):
 garbage-first heap   total 262144K, used 98168K [0x00000000c0000000, 0x0000000100000000)
  region size 1024K, 6 young (6144K), 6 survivors (6144K)
 Metaspace       used 73952K, capacity 76825K, committed 77140K, reserved 1118208K
  class space    used 6443K, capacity 7464K, committed 7552K, reserved 1048576K
}
Event: 59976.344 GC heap before
{Heap before GC invocations=39 (full 0):
 garbage-first heap   total 262144K, used 239480K [0x00000000c0000000, 0x0000000100000000)
  region size 1024K, 128 young (131072K), 6 survivors (6144K)
 Metaspace       used 74162K, capacity 77118K, committed 77396K, reserved 1120256K
  class space    used 6449K, capacity 7496K, committed 7552K, reserved 1048576K
}
Event: 59976.351 GC heap after
{Heap after GC invocations=40 (full 0):
 garbage-first heap   total 262144K, used 99494K [0x00000000c0000000, 0x0000000100000000)
  region size 1024K, 7 young (7168K), 7 survivors (7168K)
 Metaspace       used 74162K, capacity 77118K, committed 77396K, reserved 1120256K
  class space    used 6449K, capacity 7496K, committed 7552K, reserved 1048576K
}
Event: 60033.006 GC heap before
{Heap before GC invocations=40 (full 0):
 garbage-first heap   total 262144K, used 226470K [0x00000000c0000000, 0x0000000100000000)
  region size 1024K, 128 young (131072K), 7 survivors (7168K)
 Metaspace       used 74335K, capacity 77262K, committed 77652K, reserved 1120256K
  class space    used 6459K, capacity 7500K, committed 7552K, reserved 1048576K
}
Event: 60033.013 GC heap after
{Heap after GC invocations=41 (full 0):
 garbage-first heap   total 262144K, used 104319K [0x00000000c0000000, 0x0000000100000000)
  region size 1024K, 12 young (12288K), 12 survivors (12288K)
 Metaspace       used 74335K, capacity 77262K, committed 77652K, reserved 1120256K
  class space    used 6459K, capacity 7500K, committed 7552K, reserved 1048576K
}
Event: 66007.737 GC heap before
{Heap before GC invocations=41 (full 0):
 garbage-first heap   total 262144K, used 224127K [0x00000000c0000000, 0x0000000100000000)
  region size 1024K, 126 young (129024K), 12 survivors (12288K)
 Metaspace       used 74435K, capacity 77390K, committed 77652K, reserved 1120256K
  class space    used 6462K, capacity 7500K, committed 7552K, reserved 1048576K
}
Event: 66007.743 GC heap after
{Heap after GC invocations=42 (full 0):
 garbage-first heap   total 262144K, used 100766K [0x00000000c0000000, 0x0000000100000000)
  region size 1024K, 5 young (5120K), 5 survivors (5120K)
 Metaspace       used 74435K, capacity 77390K, committed 77652K, reserved 1120256K
  class space    used 6462K, capacity 7500K, committed 7552K, reserved 1048576K
}

Deoptimization events (10 events):
Event: 65989.428 Thread 0x0000016d143de800 Uncommon trap: reason=bimorphic_or_optimized_type_check action=maybe_recompile pc=0x0000016d08351428 method=org.eclipse.jdt.internal.core.builder.ClasspathLocation.getModulesDeclaringPackage(Ljava/lang/String;Ljava/lang/String;)[[C @ 4 c2
Event: 66007.917 Thread 0x0000016d124db800 Uncommon trap: reason=unstable_if action=reinterpret pc=0x0000016d07f99944 method=java.lang.StringCoding.decodeUTF8([BIIZ)Ljava/lang/StringCoding$Result; @ 12 c2
Event: 66007.923 Thread 0x0000016d11549000 Uncommon trap: reason=unstable_if action=reinterpret pc=0x0000016d0875df40 method=org.eclipse.jdt.core.compiler.CharOperation.isWhitespace(C)Z @ 4 c2
Event: 66007.924 Thread 0x0000016d11549000 Uncommon trap: reason=class_check action=maybe_recompile pc=0x0000016d08248f74 method=org.eclipse.jdt.internal.compiler.parser.Scanner.jumpOverMethodBody()V @ 1728 c2
Event: 66007.932 Thread 0x0000016d11549000 Uncommon trap: reason=unstable_if action=reinterpret pc=0x0000016d08937ac0 method=org.eclipse.jdt.core.compiler.CharOperation.isWhitespace(C)Z @ 4 c2
Event: 66007.932 Thread 0x0000016d11549000 Uncommon trap: reason=unstable_if action=reinterpret pc=0x0000016d08127004 method=org.eclipse.jdt.core.compiler.CharOperation.isWhitespace(C)Z @ 4 c2
Event: 66008.047 Thread 0x0000016d11549000 Uncommon trap: reason=unstable_if action=reinterpret pc=0x0000016d086da268 method=org.eclipse.jdt.internal.compiler.parser.Scanner.scanIdentifierOrKeyword()I @ 43 c2
Event: 66008.047 Thread 0x0000016d11549000 Uncommon trap: reason=unstable_if action=reinterpret pc=0x0000016d07b9518c method=org.eclipse.jdt.internal.compiler.parser.ScannerHelper.isJavaIdentifierPart(JC)Z @ 4 c2
Event: 66008.052 Thread 0x0000016d11549000 Uncommon trap: reason=unstable_if action=reinterpret pc=0x0000016d081ed918 method=org.eclipse.jdt.internal.compiler.parser.Scanner.scanIdentifierOrKeyword()I @ 43 c2
Event: 66009.665 Thread 0x0000016d11545000 Uncommon trap: reason=class_check action=maybe_recompile pc=0x0000016d085aac18 method=org.eclipse.jdt.internal.core.NameLookup.seekPackageFragments(Ljava/lang/String;ZLorg/eclipse/jdt/internal/core/IJavaElementRequestor;)V @ 87 c2

Classes redefined (0 events):
No events

Internal exceptions (10 events):
Event: 66008.054 Thread 0x0000016d11549000 Exception <a 'java/lang/ArrayIndexOutOfBoundsException'{0x00000000ce807578}> (0x00000000ce807578) thrown at [t:/workspace/open/src/hotspot/share/runtime/sharedRuntime.cpp, line 600]
Event: 66008.054 Thread 0x0000016d11549000 Exception <a 'java/lang/ArrayIndexOutOfBoundsException'{0x00000000ce807878}> (0x00000000ce807878) thrown at [t:/workspace/open/src/hotspot/share/runtime/sharedRuntime.cpp, line 600]
Event: 66008.180 Thread 0x0000016d11549000 Exception <a 'java/lang/ArrayIndexOutOfBoundsException'{0x00000000ce29a138}> (0x00000000ce29a138) thrown at [t:/workspace/open/src/hotspot/share/runtime/sharedRuntime.cpp, line 600]
Event: 66008.186 Thread 0x0000016d11549000 Exception <a 'java/lang/ArrayIndexOutOfBoundsException'{0x00000000ce1e2f60}> (0x00000000ce1e2f60) thrown at [t:/workspace/open/src/hotspot/share/runtime/sharedRuntime.cpp, line 600]
Event: 66008.187 Thread 0x0000016d11549000 Exception <a 'java/lang/ArrayIndexOutOfBoundsException'{0x00000000ce1e4cc8}> (0x00000000ce1e4cc8) thrown at [t:/workspace/open/src/hotspot/share/runtime/sharedRuntime.cpp, line 600]
Event: 66008.187 Thread 0x0000016d11549000 Exception <a 'java/lang/ArrayIndexOutOfBoundsException'{0x00000000ce1e4fc8}> (0x00000000ce1e4fc8) thrown at [t:/workspace/open/src/hotspot/share/runtime/sharedRuntime.cpp, line 600]
Event: 66008.244 Thread 0x0000016d11549000 Exception <a 'java/lang/ArrayIndexOutOfBoundsException'{0x00000000cda72ad8}> (0x00000000cda72ad8) thrown at [t:/workspace/open/src/hotspot/share/runtime/sharedRuntime.cpp, line 600]
Event: 66008.248 Thread 0x0000016d11549000 Exception <a 'java/lang/ArrayIndexOutOfBoundsException'{0x00000000cd9bb3f8}> (0x00000000cd9bb3f8) thrown at [t:/workspace/open/src/hotspot/share/runtime/sharedRuntime.cpp, line 600]
Event: 66008.249 Thread 0x0000016d11549000 Exception <a 'java/lang/ArrayIndexOutOfBoundsException'{0x00000000cd9bd160}> (0x00000000cd9bd160) thrown at [t:/workspace/open/src/hotspot/share/runtime/sharedRuntime.cpp, line 600]
Event: 66008.249 Thread 0x0000016d11549000 Exception <a 'java/lang/ArrayIndexOutOfBoundsException'{0x00000000cd9bd460}> (0x00000000cd9bd460) thrown at [t:/workspace/open/src/hotspot/share/runtime/sharedRuntime.cpp, line 600]

Events (10 events):
Event: 66009.450 Thread 0x0000016d1456b000 DEOPT PACKING pc=0x0000016d01b49e80 sp=0x0000000beb2fe190
Event: 66009.450 Thread 0x0000016d1456b000 DEOPT UNPACKING pc=0x0000016d0002884e sp=0x0000000beb2fd688 mode 0
Event: 66009.462 Thread 0x0000016d1456b000 DEOPT PACKING pc=0x0000016d01b49e80 sp=0x0000000beb2fe190
Event: 66009.462 Thread 0x0000016d1456b000 DEOPT UNPACKING pc=0x0000016d0002884e sp=0x0000000beb2fd688 mode 0
Event: 66009.494 Executing VM operation: RevokeBias
Event: 66009.494 Executing VM operation: RevokeBias done
Event: 66009.665 Thread 0x0000016d11545000 Uncommon trap: trap_request=0xffffffde fr.pc=0x0000016d085aac18 relative=0x0000000000001d18
Event: 66009.665 Thread 0x0000016d11545000 DEOPT PACKING pc=0x0000016d085aac18 sp=0x0000000beb6fe400
Event: 66009.665 Thread 0x0000016d11545000 DEOPT UNPACKING pc=0x0000016d00028a2f sp=0x0000000beb6fe3d0 mode 2
Event: 66009.778 Thread 0x0000016d11549800 Thread added: 0x0000016d11549800


Dynamic libraries:
0x00007ff7d6010000 - 0x00007ff7d604e000 	C:\Program Files\Java\jdk-10.0.1\bin\java.exe
0x00007ffb2bbf0000 - 0x00007ffb2bdd1000 	C:\WINDOWS\SYSTEM32\ntdll.dll
0x00007ffb2a530000 - 0x00007ffb2a5e2000 	C:\WINDOWS\System32\KERNEL32.DLL
0x00007ffb28ca0000 - 0x00007ffb28f13000 	C:\WINDOWS\System32\KERNELBASE.dll
0x00007ffb29e50000 - 0x00007ffb29ef1000 	C:\WINDOWS\System32\ADVAPI32.dll
0x00007ffb2bb20000 - 0x00007ffb2bbbe000 	C:\WINDOWS\System32\msvcrt.dll
0x00007ffb29c70000 - 0x00007ffb29ccb000 	C:\WINDOWS\System32\sechost.dll
0x00007ffb292f0000 - 0x00007ffb29414000 	C:\WINDOWS\System32\RPCRT4.dll
0x00007ffb29160000 - 0x00007ffb292f0000 	C:\WINDOWS\System32\USER32.dll
0x00007ffb28380000 - 0x00007ffb283a0000 	C:\WINDOWS\System32\win32u.dll
0x00007ffb2a2e0000 - 0x00007ffb2a308000 	C:\WINDOWS\System32\GDI32.dll
0x00007ffb283a0000 - 0x00007ffb28532000 	C:\WINDOWS\System32\gdi32full.dll
0x00007ffb280f0000 - 0x00007ffb2818f000 	C:\WINDOWS\System32\msvcp_win.dll
0x00007ffb28f80000 - 0x00007ffb2907a000 	C:\WINDOWS\System32\ucrtbase.dll
0x00007ffb08510000 - 0x00007ffb08779000 	C:\WINDOWS\WinSxS\amd64_microsoft.windows.common-controls_6595b64144ccf1df_6.0.17134.472_none_fb3f9af53068156d\COMCTL32.dll
0x00007ffb21fc0000 - 0x00007ffb21fca000 	C:\WINDOWS\SYSTEM32\VERSION.dll
0x00007ffb29420000 - 0x00007ffb29742000 	C:\WINDOWS\System32\combase.dll
0x00007ffb28070000 - 0x00007ffb280ea000 	C:\WINDOWS\System32\bcryptPrimitives.dll
0x00007ffb297d0000 - 0x00007ffb297fd000 	C:\WINDOWS\System32\IMM32.DLL
0x00007ffae11c0000 - 0x00007ffae12af000 	C:\Program Files\Java\jdk-10.0.1\bin\msvcr120.dll
0x00007ffaef070000 - 0x00007ffaef116000 	C:\Program Files\Java\jdk-10.0.1\bin\msvcp120.dll
0x0000000071be0000 - 0x0000000072650000 	C:\Program Files\Java\jdk-10.0.1\bin\server\jvm.dll
0x00007ffb29f00000 - 0x00007ffb29f08000 	C:\WINDOWS\System32\PSAPI.DLL
0x00007ffb0b950000 - 0x00007ffb0b959000 	C:\WINDOWS\SYSTEM32\WSOCK32.dll
0x00007ffb29f70000 - 0x00007ffb29fdc000 	C:\WINDOWS\System32\WS2_32.dll
0x00007ffb241e0000 - 0x00007ffb24203000 	C:\WINDOWS\SYSTEM32\WINMM.dll
0x00007ffb241b0000 - 0x00007ffb241da000 	C:\WINDOWS\SYSTEM32\WINMMBASE.dll
0x00007ffb28540000 - 0x00007ffb28589000 	C:\WINDOWS\System32\cfgmgr32.dll
0x00007ffb21200000 - 0x00007ffb2120f000 	C:\Program Files\Java\jdk-10.0.1\bin\verify.dll
0x00007ffb21b40000 - 0x00007ffb21d09000 	C:\WINDOWS\SYSTEM32\DBGHELP.DLL
0x00007ffb21b10000 - 0x00007ffb21b39000 	C:\WINDOWS\SYSTEM32\dbgcore.DLL
0x00007ffaf6690000 - 0x00007ffaf66b7000 	C:\Program Files\Java\jdk-10.0.1\bin\java.dll
0x00007ffafbbf0000 - 0x00007ffafbc06000 	C:\Program Files\Java\jdk-10.0.1\bin\zip.dll
0x00007ffb1f0f0000 - 0x00007ffb1f0fa000 	C:\Program Files\Java\jdk-10.0.1\bin\jimage.dll
0x00007ffb2a6e0000 - 0x00007ffb2bb20000 	C:\WINDOWS\System32\SHELL32.dll
0x00007ffb2a310000 - 0x00007ffb2a3b9000 	C:\WINDOWS\System32\shcore.dll
0x00007ffb28590000 - 0x00007ffb28c9d000 	C:\WINDOWS\System32\windows.storage.dll
0x00007ffb29fe0000 - 0x00007ffb2a031000 	C:\WINDOWS\System32\shlwapi.dll
0x00007ffb27f50000 - 0x00007ffb27f61000 	C:\WINDOWS\System32\kernel.appcore.dll
0x00007ffb27f80000 - 0x00007ffb27f9f000 	C:\WINDOWS\System32\profapi.dll
0x00007ffb27f00000 - 0x00007ffb27f4c000 	C:\WINDOWS\System32\powrprof.dll
0x00007ffb27f70000 - 0x00007ffb27f7a000 	C:\WINDOWS\System32\FLTLIB.DLL
0x00007ffaf65d0000 - 0x00007ffaf65ea000 	C:\Program Files\Java\jdk-10.0.1\bin\net.dll
0x00007ffb20a30000 - 0x00007ffb20b0d000 	C:\WINDOWS\SYSTEM32\WINHTTP.dll
0x00007ffb27780000 - 0x00007ffb277e6000 	C:\WINDOWS\system32\mswsock.dll
0x00007ffaf65b0000 - 0x00007ffaf65c1000 	C:\Program Files\Java\jdk-10.0.1\bin\nio.dll
0x00007ffb27930000 - 0x00007ffb27947000 	C:\WINDOWS\SYSTEM32\CRYPTSP.dll
0x00007ffb27360000 - 0x00007ffb27393000 	C:\WINDOWS\system32\rsaenh.dll
0x00007ffb27a60000 - 0x00007ffb27a85000 	C:\WINDOWS\SYSTEM32\bcrypt.dll
0x00007ffb27e00000 - 0x00007ffb27e28000 	C:\WINDOWS\SYSTEM32\USERENV.dll
0x00007ffb27950000 - 0x00007ffb2795b000 	C:\WINDOWS\SYSTEM32\CRYPTBASE.dll
0x00007ffb27500000 - 0x00007ffb27538000 	C:\WINDOWS\SYSTEM32\IPHLPAPI.DLL
0x00007ffb29080000 - 0x00007ffb29088000 	C:\WINDOWS\System32\NSI.dll
0x00007ffb23b40000 - 0x00007ffb23b56000 	C:\WINDOWS\SYSTEM32\dhcpcsvc6.DLL
0x00007ffb23af0000 - 0x00007ffb23b0a000 	C:\WINDOWS\SYSTEM32\dhcpcsvc.DLL
0x00007ffaf4eb0000 - 0x00007ffaf4ed9000 	C:\Users\Ruslan Fazliev\.vscode\extensions\redhat.java-0.36.0\server\config_win\org.eclipse.equinox.launcher\org.eclipse.equinox.launcher.win32.win32.x86_64_1.1.900.v20180922-1751\eclipse_1801.dll
0x00007ffaf6000000 - 0x00007ffaf6011000 	C:\Users\Ruslan Fazliev\.vscode\extensions\redhat.java-0.36.0\server\config_win\org.eclipse.osgi\20\0\.cp\jWinHttp-1.0.0.dll
0x00007ffb2a3c0000 - 0x00007ffb2a511000 	C:\WINDOWS\System32\ole32.dll
0x00007ffb09b30000 - 0x00007ffb09b3b000 	C:\Program Files\Java\jdk-10.0.1\bin\sunmscapi.dll
0x00007ffb28190000 - 0x00007ffb28372000 	C:\WINDOWS\System32\CRYPT32.dll
0x00007ffb27fa0000 - 0x00007ffb27fb2000 	C:\WINDOWS\System32\MSASN1.dll
0x00007ffaf4a30000 - 0x00007ffaf4a53000 	C:\Program Files\Java\jdk-10.0.1\bin\sunec.dll
0x00007ffb27540000 - 0x00007ffb275fe000 	C:\WINDOWS\SYSTEM32\DNSAPI.dll
0x00007ffb1f2a0000 - 0x00007ffb1f2aa000 	C:\Windows\System32\rasadhlp.dll
0x00007ffb224d0000 - 0x00007ffb22542000 	C:\WINDOWS\System32\fwpuclnt.dll

dbghelp: loaded successfully - version: 4.0.5 - missing functions: none
symbol engine: initialized successfully - sym options: 0x614 - pdb path: .;C:\Program Files\Java\jdk-10.0.1\bin;C:\WINDOWS\SYSTEM32;C:\WINDOWS\WinSxS\amd64_microsoft.windows.common-controls_6595b64144ccf1df_6.0.17134.472_none_fb3f9af53068156d;C:\Program Files\Java\jdk-10.0.1\bin\server;C:\Users\Ruslan Fazliev\.vscode\extensions\redhat.java-0.36.0\server\config_win\org.eclipse.equinox.launcher\org.eclipse.equinox.launcher.win32.win32.x86_64_1.1.900.v20180922-1751;C:\Users\Ruslan Fazliev\.vscode\extensions\redhat.java-0.36.0\server\config_win\org.eclipse.osgi\20\0\.cp

VM Arguments:
jvm_args: --add-modules=ALL-SYSTEM --add-opens=java.base/java.util=ALL-UNNAMED --add-opens=java.base/java.lang=ALL-UNNAMED -Declipse.application=org.eclipse.jdt.ls.core.id1 -Dosgi.bundles.defaultStartLevel=4 -Declipse.product=org.eclipse.jdt.ls.core.product -Xverify:none -Xmx1G -XX:+UseG1GC -XX:+UseStringDeduplication 
java_command: C:\Users\Ruslan Fazliev\.vscode\extensions\redhat.java-0.36.0\server\plugins\org.eclipse.equinox.launcher_1.5.200.v20180922-1751.jar -configuration C:\Users\Ruslan Fazliev\.vscode\extensions\redhat.java-0.36.0\server\config_win -data c:\Users\Ruslan Fazliev\AppData\Roaming\Code\User\workspaceStorage\e4e6d1c8928dbc0460b5e10443b00f2d\redhat.java\jdt_ws
java_class_path (initial): C:\Users\Ruslan Fazliev\.vscode\extensions\redhat.java-0.36.0\server\plugins\org.eclipse.equinox.launcher_1.5.200.v20180922-1751.jar
Launcher Type: SUN_STANDARD

Logging:
Log output configuration:
#0: stdout all=warning uptime,level,tags
#1: stderr all=off uptime,level,tags

Environment Variables:
JAVA_HOME=C:\Program Files\Java\jdk-10.0.1
PATH=C:\Program Files (x86)\Common Files\Oracle\Java\javapath;C:\Program Files (x86)\ActiveState Komodo Edit 9 nightly\;C:\Windows\system32;C:\Windows;C:\Windows\System32\Wbem;C:\Windows\System32\WindowsPowerShell\v1.0\;C:\Program Files (x86)\NVIDIA Corporation\PhysX\Common;E:\python35;E:\python35\Scripts;C:\Program Files (x86)\Skype\Phone\;C:\Program Files\swipl;C:\Program Files\swipl\bin;C:\Program Files\Git\cmd;C:\Program Files\PuTTY\;C:\Program Files (x86)\Common Files\Adobe\AGL;C:\Program Files\MiKTeX 2.9\miktex\bin\x64\;C:\Program Files\Microsoft SQL Server\130\Tools\Binn\;C:\WINDOWS\system32;C:\WINDOWS;C:\WINDOWS\System32\Wbem;C:\WINDOWS\System32\WindowsPowerShell\v1.0\;C:\Program Files\Java\jdk-10.0.1\bin;D:\apache-maven-3.5.3\bin;D:\nodejs\;C:\WINDOWS\System32\OpenSSH\;C:\Users\Ruslan Fazliev\.dnx\bin;C:\Program Files\Microsoft DNX\Dnvm\;E:\shit\runtime\win64;E:\shit\bin;E:\shit\polyspace\bin;D:\Ruby24-x64\bin;C:\Users\Ruslan Fazliev\AppData\Local\Microsoft\WindowsApps;C:\Program Files\Microsoft VS Code\b;D:\Ruby24-x64\bin;C:\Users\Ruslan Fazliev\AppData\Local\Microsoft\WindowsApps;C:\Program Files\Microsoft VS Code\bin;C:\Users\Ruslan Fazliev\AppData\Roaming\npm;C:\Users\Ruslan Fazliev\AppData\Local\Programs\Microsoft VS Code\bin
USERNAME=Ruslan Fazliev
OS=Windows_NT
PROCESSOR_IDENTIFIER=Intel64 Family 6 Model 60 Stepping 3, GenuineIntel



---------------  S Y S T E M  ---------------

OS: Windows 10 , 64 bit Build 17134 (10.0.17134.1)

CPU:total 8 (initial active 8) (4 cores per cpu, 2 threads per core) family 6 model 60 stepping 3, cmov, cx8, fxsr, mmx, sse, sse2, sse3, ssse3, sse4.1, sse4.2, popcnt, avx, avx2, aes, clmul, erms, lzcnt, ht, tsc, tscinvbit, bmi1, bmi2, fma

Memory: 4k page, physical 16657432k(7671640k free), swap 19658832k(5990064k free)

vm_info: Java HotSpot(TM) 64-Bit Server VM (10.0.1+10) for windows-amd64 JRE (10.0.1+10), built on Mar 27 2018 02:27:48 by "mach5one" with MS VC++ 12.0 (VS2013)

END.
